#
# A fatal error has been detected by the Java Runtime Environment:
#
#  EXCEPTION_ACCESS_VIOLATION (0xc0000005) at pc=0x00007ff9150c574a, pid=4596, tid=10336
#
# JRE version: OpenJDK Runtime Environment (15.0+36) (build 15+36-1562)
# Java VM: OpenJDK 64-Bit Server VM (15+36-1562, mixed mode, sharing, tiered, compressed oops, g1 gc, windows-amd64)
# Problematic frame:
# V  [jvm.dll+0x6f574a]
#
# No core dump will be written. Minidumps are not enabled by default on client versions of Windows
#
# If you would like to submit a bug report, please visit:
#   https://bugreport.java.com/bugreport/crash.jsp
#

---------------  S U M M A R Y ------------

Command Line: -javaagent:C:\Program Files\JetBrains\IntelliJ IDEA Educational Edition 2020.2.2\lib\idea_rt.jar=54544:C:\Program Files\JetBrains\IntelliJ IDEA Educational Edition 2020.2.2\bin -Dfile.encoding=UTF-8 JavaConnect2SQL

Host: Intel(R) Core(TM) i7-7700K CPU @ 4.20GHz, 8 cores, 15G,  Windows 10 , 64 bit Build 19041 (10.0.19041.928)
Time: Fri Jun  4 00:53:38 2021 Central European Daylight Time elapsed time: 31.740174 seconds (0d 0h 0m 31s)

---------------  T H R E A D  ---------------

Current thread (0x000001bf33031550):  JavaThread "main" [_thread_in_vm, id=10336, stack(0x0000002ddad00000,0x0000002ddae00000)]

Stack: [0x0000002ddad00000,0x0000002ddae00000],  sp=0x0000002ddadfd270,  free space=1012k
Native frames: (J=compiled Java code, j=interpreted, Vv=VM code, C=native code)
V  [jvm.dll+0x6f574a]
V  [jvm.dll+0x6f5849]
V  [jvm.dll+0x502183]
V  [jvm.dll+0x690b3e]
V  [jvm.dll+0x690ad0]
V  [jvm.dll+0x34d99c]
C  0x000001bf3ca5db12

Java frames: (J=compiled Java code, j=interpreted, Vv=VM code)
j  org.yaml.snakeyaml.constructor.BaseConstructor.constructSequenceStep2(Lorg/yaml/snakeyaml/nodes/SequenceNode;Ljava/util/Collection;)V+25
J 1669 c2 org.yaml.snakeyaml.constructor.SafeConstructor$ConstructYamlSeq.construct(Lorg/yaml/snakeyaml/nodes/Node;)Ljava/lang/Object; (30 bytes) @ 0x000001bf446252f4 [0x000001bf44624ec0+0x0000000000000434]
J 1934 c2 org.yaml.snakeyaml.constructor.BaseConstructor.constructObjectNoCheck(Lorg/yaml/snakeyaml/nodes/Node;)Ljava/lang/Object; (127 bytes) @ 0x000001bf446ac188 [0x000001bf446ab300+0x0000000000000e88]
J 1840 c2 org.yaml.snakeyaml.constructor.BaseConstructor.constructMapping2ndStep(Lorg/yaml/snakeyaml/nodes/MappingNode;Ljava/util/Map;)V (178 bytes) @ 0x000001bf44674060 [0x000001bf44673f80+0x00000000000000e0]
J 1975 c2 org.yaml.snakeyaml.constructor.SafeConstructor$ConstructYamlMap.construct(Lorg/yaml/snakeyaml/nodes/Node;)Ljava/lang/Object; (38 bytes) @ 0x000001bf446c7240 [0x000001bf446c6ec0+0x0000000000000380]
J 1934 c2 org.yaml.snakeyaml.constructor.BaseConstructor.constructObjectNoCheck(Lorg/yaml/snakeyaml/nodes/Node;)Ljava/lang/Object; (127 bytes) @ 0x000001bf446ac188 [0x000001bf446ab300+0x0000000000000e88]
J 1840 c2 org.yaml.snakeyaml.constructor.BaseConstructor.constructMapping2ndStep(Lorg/yaml/snakeyaml/nodes/MappingNode;Ljava/util/Map;)V (178 bytes) @ 0x000001bf44674060 [0x000001bf44673f80+0x00000000000000e0]
J 1975 c2 org.yaml.snakeyaml.constructor.SafeConstructor$ConstructYamlMap.construct(Lorg/yaml/snakeyaml/nodes/Node;)Ljava/lang/Object; (38 bytes) @ 0x000001bf446c7240 [0x000001bf446c6ec0+0x0000000000000380]
J 1934 c2 org.yaml.snakeyaml.constructor.BaseConstructor.constructObjectNoCheck(Lorg/yaml/snakeyaml/nodes/Node;)Ljava/lang/Object; (127 bytes) @ 0x000001bf446ac188 [0x000001bf446ab300+0x0000000000000e88]
J 1840 c2 org.yaml.snakeyaml.constructor.BaseConstructor.constructMapping2ndStep(Lorg/yaml/snakeyaml/nodes/MappingNode;Ljava/util/Map;)V (178 bytes) @ 0x000001bf44674060 [0x000001bf44673f80+0x00000000000000e0]
J 1975 c2 org.yaml.snakeyaml.constructor.SafeConstructor$ConstructYamlMap.construct(Lorg/yaml/snakeyaml/nodes/Node;)Ljava/lang/Object; (38 bytes) @ 0x000001bf446c7240 [0x000001bf446c6ec0+0x0000000000000380]
J 1934 c2 org.yaml.snakeyaml.constructor.BaseConstructor.constructObjectNoCheck(Lorg/yaml/snakeyaml/nodes/Node;)Ljava/lang/Object; (127 bytes) @ 0x000001bf446ac188 [0x000001bf446ab300+0x0000000000000e88]
J 1840 c2 org.yaml.snakeyaml.constructor.BaseConstructor.constructMapping2ndStep(Lorg/yaml/snakeyaml/nodes/MappingNode;Ljava/util/Map;)V (178 bytes) @ 0x000001bf44674060 [0x000001bf44673f80+0x00000000000000e0]
J 2143 c2 org.yaml.snakeyaml.constructor.Constructor$ConstructYamlObject.construct(Lorg/yaml/snakeyaml/nodes/Node;)Ljava/lang/Object; (65 bytes) @ 0x000001bf4478c994 [0x000001bf4478bd60+0x0000000000000c34]
J 1934 c2 org.yaml.snakeyaml.constructor.BaseConstructor.constructObjectNoCheck(Lorg/yaml/snakeyaml/nodes/Node;)Ljava/lang/Object; (127 bytes) @ 0x000001bf446ac188 [0x000001bf446ab300+0x0000000000000e88]
J 2106 c2 org.yaml.snakeyaml.Yaml.loadAs(Ljava/io/InputStream;Ljava/lang/Class;)Ljava/lang/Object; (21 bytes) @ 0x000001bf44763f60 [0x000001bf44761ca0+0x00000000000022c0]
J 2033 c2 com.github.javafaker.service.FakeValuesService.safeFetch(Ljava/lang/String;Ljava/lang/String;)Ljava/lang/String; (99 bytes) @ 0x000001bf446fc30c [0x000001bf446fb080+0x000000000000128c]
J 2046 c2 com.github.javafaker.service.FakeValuesService.resolve(Ljava/lang/String;Ljava/lang/Object;Lcom/github/javafaker/Faker;)Ljava/lang/String; (49 bytes) @ 0x000001bf4471d4e8 [0x000001bf4471d4a0+0x0000000000000048]
J 2114 c1 ClientPerson.<init>(I)V (87 bytes) @ 0x000001bf3d3baf84 [0x000001bf3d3bac40+0x0000000000000344]
j  MakingData.makeListOfClientPeople()V+18
j  JavaConnect2SQL.main([Ljava/lang/String;)V+35
v  ~StubRoutines::call_stub

siginfo: EXCEPTION_ACCESS_VIOLATION (0xc0000005), reading address 0xffffffffffffffff


Register to memory mapping:

RIP=0x00007ff9150c574a jvm.dll
RAX=0x00000000dd60ba49 is an unknown value
RBX=0x0 is NULL
RCX=0x01bf3ca5e280ba49 is an unknown value
RDX=0x0000000800bc4cf8 is a pointer to class: 
org.yaml.snakeyaml.nodes.Node {0x0000000800bc4d00}
RSP=0x0000002ddadfd270 is pointing into the stack for thread: 0x000001bf33031550
RBP=0x0000002ddadfe768 is pointing into the stack for thread: 0x000001bf33031550
RSI=0x0000000800000008 is pointing into metadata
RDI=0x0000000800000008 is pointing into metadata
R8 =0x0 is NULL
R9 =0x000001bf33130000 points into unknown readable memory: 0x0100050403020100 | 00 01 02 03 04 05 00 01
R10=0x000001bf3ca50000 points into unknown readable memory: 0x0000000000000006 | 06 00 00 00 00 00 00 00
R11=0x0000002ddadfd370 is pointing into the stack for thread: 0x000001bf33031550
R12=0x0000000800000008 is pointing into metadata
R13=0x0000000800bc4cf8 is a pointer to class: 
org.yaml.snakeyaml.nodes.Node {0x0000000800bc4d00}
R14=0x00000000000003d8 is an unknown value
R15=0x000001bf33031a30 points into unknown readable memory: 0x6c6d61792e67726f | 6f 72 67 2e 79 61 6d 6c


Registers:
RAX=0x00000000dd60ba49, RBX=0x0000000000000000, RCX=0x01bf3ca5e280ba49, RDX=0x0000000800bc4cf8
RSP=0x0000002ddadfd270, RBP=0x0000002ddadfe768, RSI=0x0000000800000008, RDI=0x0000000800000008
R8 =0x0000000000000000, R9 =0x000001bf33130000, R10=0x000001bf3ca50000, R11=0x0000002ddadfd370
R12=0x0000000800000008, R13=0x0000000800bc4cf8, R14=0x00000000000003d8, R15=0x000001bf33031a30
RIP=0x00007ff9150c574a, EFLAGS=0x0000000000010202

Top of Stack: (sp=0x0000002ddadfd270)
0x0000002ddadfd270:   0000000000000000 000001bf5a56b218
0x0000002ddadfd280:   0000000000000000 0000000000000000
0x0000002ddadfd290:   0000000800000008 00007ff9150c5849
0x0000002ddadfd2a0:   0000000000000000 00007ff915148bb8
0x0000002ddadfd2b0:   0000002d00000000 000001bf00000003
0x0000002ddadfd2c0:   0000002ddadfd338 00007ff914ed2183
0x0000002ddadfd2d0:   0000002ddadfd370 0000000000000001
0x0000002ddadfd2e0:   000001bf33031a01 0000002d00000002
0x0000002ddadfd2f0:   0000002ddadfd3d0 00007ff914b320a5
0x0000002ddadfd300:   000001bf33031550 000094aec0bea73d
0x0000002ddadfd310:   0000000800bc4cf8 00007ff915060b3e
0x0000002ddadfd320:   000001bf32e9ba58 000001bf32e9ba90
0x0000002ddadfd330:   0000002ddadfe6f0 0000002ddadfe720
0x0000002ddadfd340:   000001bf3ca5dacf 000001bf3ca58a90
0x0000002ddadfd350:   000001bf00000000 0000002ddadfe768
0x0000002ddadfd360:   000001bf33031a30 00000000000003d8 

Instructions: (pc=0x00007ff9150c574a)
0x00007ff9150c564a:   48 63 c8 41 8d 50 0a e9 8a 93 99 ff cc cc cc cc
0x00007ff9150c565a:   cc cc cc cc cc cc 48 89 5c 24 08 57 48 83 ec 20
0x00007ff9150c566a:   83 fa 02 8d 42 06 b9 08 00 00 00 49 8b d8 0f 4e
0x00007ff9150c567a:   c1 48 63 c8 48 83 c1 07 83 e1 f8 48 63 f9 49 8b
0x00007ff9150c568a:   48 18 48 8b c7 48 f7 d0 48 3b c1 73 16 4c 8d 05
0x00007ff9150c569a:   82 f9 14 00 48 8b d7 48 8b cb e8 f7 2c 9a ff 48
0x00007ff9150c56aa:   8b 4b 18 48 8d 04 39 48 3b 43 20 76 18 45 33 c0
0x00007ff9150c56ba:   48 8b d7 48 8b cb 48 8b 5c 24 30 48 83 c4 20 5f
0x00007ff9150c56ca:   e9 21 29 9a ff 48 89 43 18 48 8b c1 48 8b 5c 24
0x00007ff9150c56da:   30 48 83 c4 20 5f c3 cc cc cc cc cc cc cc cc cc
0x00007ff9150c56ea:   cc cc cc cc cc cc 4c 8b d2 4c 8b d9 45 85 c0 7e
0x00007ff9150c56fa:   3c 44 0f b7 49 04 41 8d 40 ff 41 3b c1 44 0f 4c
0x00007ff9150c570a:   c8 4d 63 c1 45 85 c9 7e 1f 48 8b c2 4c 2b da 49
0x00007ff9150c571a:   8b d0 0f 1f 40 00 41 0f b6 4c 03 06 88 08 48 8d
0x00007ff9150c572a:   40 01 48 83 ea 01 75 ee 43 c6 04 10 00 49 8b c2
0x00007ff9150c573a:   c3 cc cc cc cc cc 48 89 5c 24 08 57 48 83 ec 20
0x00007ff9150c574a:   0f b7 59 04 48 8b f9 33 d2 48 8d 4b 01 e8 54 c0
0x00007ff9150c575a:   f8 ff 0f b7 57 04 4c 8b c0 3b da 0f 42 d3 44 8b
0x00007ff9150c576a:   ca 85 d2 74 39 48 2b f8 0f 1f 40 00 66 66 0f 1f
0x00007ff9150c577a:   84 00 00 00 00 00 0f b6 4c 07 06 88 08 48 ff c0
0x00007ff9150c578a:   48 8b c8 49 2b c8 49 3b c9 7c eb 42 c6 04 02 00
0x00007ff9150c579a:   49 8b c0 48 8b 5c 24 30 48 83 c4 20 5f c3 48 8b
0x00007ff9150c57aa:   5c 24 30 c6 04 02 00 48 83 c4 20 5f c3 cc cc cc
0x00007ff9150c57ba:   cc cc cc cc cc cc 4c 8b d1 45 85 c0 7e 6c 44 0f
0x00007ff9150c57ca:   b7 49 04 41 8d 40 ff 41 3b c1 44 0f 4c c8 4d 63
0x00007ff9150c57da:   d9 45 85 c9 7e 22 48 8b ca 4c 2b d2 4d 8b c3 0f
0x00007ff9150c57ea:   1f 80 00 00 00 00 41 0f b6 44 0a 06 88 01 48 8d
0x00007ff9150c57fa:   49 01 49 83 e8 01 75 ee 41 c6 04 13 00 48 c7 c0
0x00007ff9150c580a:   ff ff ff ff 66 90 48 ff c0 80 3c 02 00 75 f7 48
0x00007ff9150c581a:   63 c8 85 c0 48 8b c2 7e 14 80 38 2f 75 03 c6 00
0x00007ff9150c582a:   2e 48 ff c0 48 83 e9 01 75 ef 48 8b c2 c3 cc cc
0x00007ff9150c583a:   cc cc cc cc cc cc 48 83 ec 28 e8 f7 fe ff ff 4c 


Stack slot to memory mapping:
stack at sp + 0 slots: 0x0 is NULL
stack at sp + 1 slots: 0x000001bf5a56b218 points into unknown readable memory: 0x0000002ddadfe718 | 18 e7 df da 2d 00 00 00
stack at sp + 2 slots: 0x0 is NULL
stack at sp + 3 slots: 0x0 is NULL
stack at sp + 4 slots: 0x0000000800000008 is pointing into metadata
stack at sp + 5 slots: 0x00007ff9150c5849 jvm.dll
stack at sp + 6 slots: 0x0 is NULL
stack at sp + 7 slots: 0x00007ff915148bb8 jvm.dll


---------------  P R O C E S S  ---------------

Threads class SMR info:
_java_thread_list=0x000001bf5a995b00, length=12, elements={
0x000001bf33031550, 0x000001bf5869ed40, 0x000001bf5869f430, 0x000001bf58fbb800,
0x000001bf58fbdde0, 0x000001bf58fc43e0, 0x000001bf58fc8290, 0x000001bf58fc8950,
0x000001bf58fd0f70, 0x000001bf590a4090, 0x000001bf59234c90, 0x000001bf59237570
}

Java Threads: ( => current thread )
=>0x000001bf33031550 JavaThread "main" [_thread_in_vm, id=10336, stack(0x0000002ddad00000,0x0000002ddae00000)]
  0x000001bf5869ed40 JavaThread "Reference Handler" daemon [_thread_blocked, id=1204, stack(0x0000002ddb400000,0x0000002ddb500000)]
  0x000001bf5869f430 JavaThread "Finalizer" daemon [_thread_blocked, id=1252, stack(0x0000002ddb500000,0x0000002ddb600000)]
  0x000001bf58fbb800 JavaThread "Signal Dispatcher" daemon [_thread_blocked, id=7780, stack(0x0000002ddb600000,0x0000002ddb700000)]
  0x000001bf58fbdde0 JavaThread "Attach Listener" daemon [_thread_blocked, id=15152, stack(0x0000002ddb700000,0x0000002ddb800000)]
  0x000001bf58fc43e0 JavaThread "Service Thread" daemon [_thread_blocked, id=11684, stack(0x0000002ddb800000,0x0000002ddb900000)]
  0x000001bf58fc8290 JavaThread "C2 CompilerThread0" daemon [_thread_blocked, id=10844, stack(0x0000002ddb900000,0x0000002ddba00000)]
  0x000001bf58fc8950 JavaThread "C1 CompilerThread0" daemon [_thread_blocked, id=13684, stack(0x0000002ddba00000,0x0000002ddbb00000)]
  0x000001bf58fd0f70 JavaThread "Sweeper thread" daemon [_thread_blocked, id=10704, stack(0x0000002ddbb00000,0x0000002ddbc00000)]
  0x000001bf590a4090 JavaThread "Common-Cleaner" daemon [_thread_blocked, id=6112, stack(0x0000002ddbc00000,0x0000002ddbd00000)]
  0x000001bf59234c90 JavaThread "Monitor Ctrl-Break" daemon [_thread_in_native, id=1708, stack(0x0000002ddbd00000,0x0000002ddbe00000)]
  0x000001bf59237570 JavaThread "Notification Thread" daemon [_thread_blocked, id=5948, stack(0x0000002ddbe00000,0x0000002ddbf00000)]

Other Threads:
  0x000001bf5869d5b0 VMThread "VM Thread" [stack: 0x0000002ddb300000,0x0000002ddb400000] [id=12344]
  0x000001bf5923caf0 WatcherThread [stack: 0x0000002ddbf00000,0x0000002ddc000000] [id=11476]
  0x000001bf33081c10 GCTaskThread "GC Thread#0" [stack: 0x0000002ddae00000,0x0000002ddaf00000] [id=7708]
  0x000001bf59164020 GCTaskThread "GC Thread#1" [stack: 0x0000002ddc200000,0x0000002ddc300000] [id=14848]
  0x000001bf591659a0 GCTaskThread "GC Thread#2" [stack: 0x0000002ddc300000,0x0000002ddc400000] [id=8592]
  0x000001bf59162040 GCTaskThread "GC Thread#3" [stack: 0x0000002ddc400000,0x0000002ddc500000] [id=1532]
  0x000001bf591626a0 GCTaskThread "GC Thread#4" [stack: 0x0000002ddc500000,0x0000002ddc600000] [id=8720]
  0x000001bf59165010 GCTaskThread "GC Thread#5" [stack: 0x0000002ddc600000,0x0000002ddc700000] [id=8564]
  0x000001bf59163030 GCTaskThread "GC Thread#6" [stack: 0x0000002ddc100000,0x0000002ddc200000] [id=11880]
  0x000001bf59164350 GCTaskThread "GC Thread#7" [stack: 0x0000002ddc000000,0x0000002ddc100000] [id=14192]
  0x000001bf33092bf0 ConcurrentGCThread "G1 Main Marker" [stack: 0x0000002ddaf00000,0x0000002ddb000000] [id=2772]
  0x000001bf33093f10 ConcurrentGCThread "G1 Conc#0" [stack: 0x0000002ddb000000,0x0000002ddb100000] [id=13092]
  0x000001bf585124c0 ConcurrentGCThread "G1 Refine#0" [stack: 0x0000002ddb100000,0x0000002ddb200000] [id=14168]
  0x000001bf58513bf0 ConcurrentGCThread "G1 Young RemSet Sampling" [stack: 0x0000002ddb200000,0x0000002ddb300000] [id=6492]

Threads with active compile tasks:

VM state: not at safepoint (normal execution)

VM Mutex/Monitor currently owned by a thread: None

Heap address: 0x0000000702000000, size: 4064 MB, Compressed Oops mode: Zero based, Oop shift amount: 3
CDS archive(s) mapped at: [0x0000000800000000-0x0000000800b50000-0x0000000800b50000), size 11862016, SharedBaseAddress: 0x0000000800000000, ArchiveRelocationMode: 0.
Compressed class space mapped at: 0x0000000800b50000-0x0000000840b50000, size: 1073741824
Narrow klass base: 0x0000000800000000, Narrow klass shift: 3, Narrow klass range: 0x100000000

GC Precious Log:
 CPUs: 8 total, 8 available
 Memory: 16252M
 Large Page Support: Disabled
 NUMA Support: Disabled
 Compressed Oops: Enabled (Zero based)
 Heap Region Size: 2M
 Heap Min Capacity: 8M
 Heap Initial Capacity: 254M
 Heap Max Capacity: 4064M
 Pre-touch: Disabled
 Parallel Workers: 8
 Concurrent Workers: 2
 Concurrent Refinement Workers: 8
 Periodic GC: Disabled

Heap:
 garbage-first heap   total 452608K, used 39913K [0x0000000702000000, 0x0000000800000000)
  region size 2048K, 19 young (38912K), 2 survivors (4096K)
 Metaspace       used 3768K, capacity 5993K, committed 6272K, reserved 1056768K
  class space    used 303K, capacity 565K, committed 640K, reserved 1048576K

Heap Regions: E=young(eden), S=young(survivor), O=old, HS=humongous(starts), HC=humongous(continues), CS=collection set, F=free, OA=open archive, CA=closed archive, TAMS=top-at-mark-start (previous, next)
|   0|0x0000000702000000, 0x0000000702200000, 0x0000000702200000|100%| O|  |TAMS 0x0000000702000000, 0x0000000702000000| Untracked 
|   1|0x0000000702200000, 0x0000000702400000, 0x0000000702400000|100%| O|  |TAMS 0x0000000702200000, 0x0000000702200000| Untracked 
|   2|0x0000000702400000, 0x0000000702480000, 0x0000000702600000| 25%| O|  |TAMS 0x0000000702400000, 0x0000000702400000| Untracked 
|   3|0x0000000702600000, 0x0000000702600000, 0x0000000702800000|  0%| F|  |TAMS 0x0000000702600000, 0x0000000702600000| Untracked 
|   4|0x0000000702800000, 0x0000000702800000, 0x0000000702a00000|  0%| F|  |TAMS 0x0000000702800000, 0x0000000702800000| Untracked 
|   5|0x0000000702a00000, 0x0000000702a00000, 0x0000000702c00000|  0%| F|  |TAMS 0x0000000702a00000, 0x0000000702a00000| Untracked 
|   6|0x0000000702c00000, 0x0000000702c00000, 0x0000000702e00000|  0%| F|  |TAMS 0x0000000702c00000, 0x0000000702c00000| Untracked 
|   7|0x0000000702e00000, 0x0000000702e00000, 0x0000000703000000|  0%| F|  |TAMS 0x0000000702e00000, 0x0000000702e00000| Untracked 
|   8|0x0000000703000000, 0x0000000703000000, 0x0000000703200000|  0%| F|  |TAMS 0x0000000703000000, 0x0000000703000000| Untracked 
|   9|0x0000000703200000, 0x0000000703200000, 0x0000000703400000|  0%| F|  |TAMS 0x0000000703200000, 0x0000000703200000| Untracked 
|  10|0x0000000703400000, 0x0000000703400000, 0x0000000703600000|  0%| F|  |TAMS 0x0000000703400000, 0x0000000703400000| Untracked 
|  11|0x0000000703600000, 0x0000000703600000, 0x0000000703800000|  0%| F|  |TAMS 0x0000000703600000, 0x0000000703600000| Untracked 
|  12|0x0000000703800000, 0x0000000703800000, 0x0000000703a00000|  0%| F|  |TAMS 0x0000000703800000, 0x0000000703800000| Untracked 
|  13|0x0000000703a00000, 0x0000000703a00000, 0x0000000703c00000|  0%| F|  |TAMS 0x0000000703a00000, 0x0000000703a00000| Untracked 
|  14|0x0000000703c00000, 0x0000000703c00000, 0x0000000703e00000|  0%| F|  |TAMS 0x0000000703c00000, 0x0000000703c00000| Untracked 
|  15|0x0000000703e00000, 0x0000000703e00000, 0x0000000704000000|  0%| F|  |TAMS 0x0000000703e00000, 0x0000000703e00000| Untracked 
|  16|0x0000000704000000, 0x0000000704000000, 0x0000000704200000|  0%| F|  |TAMS 0x0000000704000000, 0x0000000704000000| Untracked 
|  17|0x0000000704200000, 0x0000000704200000, 0x0000000704400000|  0%| F|  |TAMS 0x0000000704200000, 0x0000000704200000| Untracked 
|  18|0x0000000704400000, 0x0000000704400000, 0x0000000704600000|  0%| F|  |TAMS 0x0000000704400000, 0x0000000704400000| Untracked 
|  19|0x0000000704600000, 0x0000000704600000, 0x0000000704800000|  0%| F|  |TAMS 0x0000000704600000, 0x0000000704600000| Untracked 
|  20|0x0000000704800000, 0x0000000704800000, 0x0000000704a00000|  0%| F|  |TAMS 0x0000000704800000, 0x0000000704800000| Untracked 
|  21|0x0000000704a00000, 0x0000000704a00000, 0x0000000704c00000|  0%| F|  |TAMS 0x0000000704a00000, 0x0000000704a00000| Untracked 
|  22|0x0000000704c00000, 0x0000000704c00000, 0x0000000704e00000|  0%| F|  |TAMS 0x0000000704c00000, 0x0000000704c00000| Untracked 
|  23|0x0000000704e00000, 0x0000000704e00000, 0x0000000705000000|  0%| F|  |TAMS 0x0000000704e00000, 0x0000000704e00000| Untracked 
|  24|0x0000000705000000, 0x0000000705000000, 0x0000000705200000|  0%| F|  |TAMS 0x0000000705000000, 0x0000000705000000| Untracked 
|  25|0x0000000705200000, 0x0000000705200000, 0x0000000705400000|  0%| F|  |TAMS 0x0000000705200000, 0x0000000705200000| Untracked 
|  26|0x0000000705400000, 0x0000000705400000, 0x0000000705600000|  0%| F|  |TAMS 0x0000000705400000, 0x0000000705400000| Untracked 
|  27|0x0000000705600000, 0x0000000705600000, 0x0000000705800000|  0%| F|  |TAMS 0x0000000705600000, 0x0000000705600000| Untracked 
|  28|0x0000000705800000, 0x0000000705800000, 0x0000000705a00000|  0%| F|  |TAMS 0x0000000705800000, 0x0000000705800000| Untracked 
|  29|0x0000000705a00000, 0x0000000705a00000, 0x0000000705c00000|  0%| F|  |TAMS 0x0000000705a00000, 0x0000000705a00000| Untracked 
|  30|0x0000000705c00000, 0x0000000705c00000, 0x0000000705e00000|  0%| F|  |TAMS 0x0000000705c00000, 0x0000000705c00000| Untracked 
|  31|0x0000000705e00000, 0x0000000705e00000, 0x0000000706000000|  0%| F|  |TAMS 0x0000000705e00000, 0x0000000705e00000| Untracked 
|  32|0x0000000706000000, 0x0000000706000000, 0x0000000706200000|  0%| F|  |TAMS 0x0000000706000000, 0x0000000706000000| Untracked 
|  33|0x0000000706200000, 0x0000000706200000, 0x0000000706400000|  0%| F|  |TAMS 0x0000000706200000, 0x0000000706200000| Untracked 
|  34|0x0000000706400000, 0x0000000706400000, 0x0000000706600000|  0%| F|  |TAMS 0x0000000706400000, 0x0000000706400000| Untracked 
|  35|0x0000000706600000, 0x0000000706600000, 0x0000000706800000|  0%| F|  |TAMS 0x0000000706600000, 0x0000000706600000| Untracked 
|  36|0x0000000706800000, 0x0000000706800000, 0x0000000706a00000|  0%| F|  |TAMS 0x0000000706800000, 0x0000000706800000| Untracked 
|  37|0x0000000706a00000, 0x0000000706a00000, 0x0000000706c00000|  0%| F|  |TAMS 0x0000000706a00000, 0x0000000706a00000| Untracked 
|  38|0x0000000706c00000, 0x0000000706c00000, 0x0000000706e00000|  0%| F|  |TAMS 0x0000000706c00000, 0x0000000706c00000| Untracked 
|  39|0x0000000706e00000, 0x0000000706e00000, 0x0000000707000000|  0%| F|  |TAMS 0x0000000706e00000, 0x0000000706e00000| Untracked 
|  40|0x0000000707000000, 0x0000000707000000, 0x0000000707200000|  0%| F|  |TAMS 0x0000000707000000, 0x0000000707000000| Untracked 
|  41|0x0000000707200000, 0x0000000707200000, 0x0000000707400000|  0%| F|  |TAMS 0x0000000707200000, 0x0000000707200000| Untracked 
|  42|0x0000000707400000, 0x0000000707400000, 0x0000000707600000|  0%| F|  |TAMS 0x0000000707400000, 0x0000000707400000| Untracked 
|  43|0x0000000707600000, 0x0000000707600000, 0x0000000707800000|  0%| F|  |TAMS 0x0000000707600000, 0x0000000707600000| Untracked 
|  44|0x0000000707800000, 0x0000000707800000, 0x0000000707a00000|  0%| F|  |TAMS 0x0000000707800000, 0x0000000707800000| Untracked 
|  45|0x0000000707a00000, 0x0000000707a00000, 0x0000000707c00000|  0%| F|  |TAMS 0x0000000707a00000, 0x0000000707a00000| Untracked 
|  46|0x0000000707c00000, 0x0000000707c00000, 0x0000000707e00000|  0%| F|  |TAMS 0x0000000707c00000, 0x0000000707c00000| Untracked 
|  47|0x0000000707e00000, 0x0000000707e00000, 0x0000000708000000|  0%| F|  |TAMS 0x0000000707e00000, 0x0000000707e00000| Untracked 
|  48|0x0000000708000000, 0x0000000708000000, 0x0000000708200000|  0%| F|  |TAMS 0x0000000708000000, 0x0000000708000000| Untracked 
|  49|0x0000000708200000, 0x0000000708200000, 0x0000000708400000|  0%| F|  |TAMS 0x0000000708200000, 0x0000000708200000| Untracked 
|  50|0x0000000708400000, 0x0000000708400000, 0x0000000708600000|  0%| F|  |TAMS 0x0000000708400000, 0x0000000708400000| Untracked 
|  51|0x0000000708600000, 0x0000000708600000, 0x0000000708800000|  0%| F|  |TAMS 0x0000000708600000, 0x0000000708600000| Untracked 
|  52|0x0000000708800000, 0x0000000708800000, 0x0000000708a00000|  0%| F|  |TAMS 0x0000000708800000, 0x0000000708800000| Untracked 
|  53|0x0000000708a00000, 0x0000000708a00000, 0x0000000708c00000|  0%| F|  |TAMS 0x0000000708a00000, 0x0000000708a00000| Untracked 
|  54|0x0000000708c00000, 0x0000000708c00000, 0x0000000708e00000|  0%| F|  |TAMS 0x0000000708c00000, 0x0000000708c00000| Untracked 
|  55|0x0000000708e00000, 0x0000000708e00000, 0x0000000709000000|  0%| F|  |TAMS 0x0000000708e00000, 0x0000000708e00000| Untracked 
|  56|0x0000000709000000, 0x0000000709000000, 0x0000000709200000|  0%| F|  |TAMS 0x0000000709000000, 0x0000000709000000| Untracked 
|  57|0x0000000709200000, 0x0000000709200000, 0x0000000709400000|  0%| F|  |TAMS 0x0000000709200000, 0x0000000709200000| Untracked 
|  58|0x0000000709400000, 0x0000000709400000, 0x0000000709600000|  0%| F|  |TAMS 0x0000000709400000, 0x0000000709400000| Untracked 
|  59|0x0000000709600000, 0x0000000709600000, 0x0000000709800000|  0%| F|  |TAMS 0x0000000709600000, 0x0000000709600000| Untracked 
|  60|0x0000000709800000, 0x0000000709800000, 0x0000000709a00000|  0%| F|  |TAMS 0x0000000709800000, 0x0000000709800000| Untracked 
|  61|0x0000000709a00000, 0x0000000709a00000, 0x0000000709c00000|  0%| F|  |TAMS 0x0000000709a00000, 0x0000000709a00000| Untracked 
|  62|0x0000000709c00000, 0x0000000709c00000, 0x0000000709e00000|  0%| F|  |TAMS 0x0000000709c00000, 0x0000000709c00000| Untracked 
|  63|0x0000000709e00000, 0x0000000709e00000, 0x000000070a000000|  0%| F|  |TAMS 0x0000000709e00000, 0x0000000709e00000| Untracked 
|  64|0x000000070a000000, 0x000000070a000000, 0x000000070a200000|  0%| F|  |TAMS 0x000000070a000000, 0x000000070a000000| Untracked 
|  65|0x000000070a200000, 0x000000070a200000, 0x000000070a400000|  0%| F|  |TAMS 0x000000070a200000, 0x000000070a200000| Untracked 
|  66|0x000000070a400000, 0x000000070a400000, 0x000000070a600000|  0%| F|  |TAMS 0x000000070a400000, 0x000000070a400000| Untracked 
|  67|0x000000070a600000, 0x000000070a600000, 0x000000070a800000|  0%| F|  |TAMS 0x000000070a600000, 0x000000070a600000| Untracked 
|  68|0x000000070a800000, 0x000000070a800000, 0x000000070aa00000|  0%| F|  |TAMS 0x000000070a800000, 0x000000070a800000| Untracked 
|  69|0x000000070aa00000, 0x000000070aa00000, 0x000000070ac00000|  0%| F|  |TAMS 0x000000070aa00000, 0x000000070aa00000| Untracked 
|  70|0x000000070ac00000, 0x000000070ac00000, 0x000000070ae00000|  0%| F|  |TAMS 0x000000070ac00000, 0x000000070ac00000| Untracked 
|  71|0x000000070ae00000, 0x000000070ae00000, 0x000000070b000000|  0%| F|  |TAMS 0x000000070ae00000, 0x000000070ae00000| Untracked 
|  72|0x000000070b000000, 0x000000070b000000, 0x000000070b200000|  0%| F|  |TAMS 0x000000070b000000, 0x000000070b000000| Untracked 
|  73|0x000000070b200000, 0x000000070b200000, 0x000000070b400000|  0%| F|  |TAMS 0x000000070b200000, 0x000000070b200000| Untracked 
|  74|0x000000070b400000, 0x000000070b400000, 0x000000070b600000|  0%| F|  |TAMS 0x000000070b400000, 0x000000070b400000| Untracked 
|  75|0x000000070b600000, 0x000000070b600000, 0x000000070b800000|  0%| F|  |TAMS 0x000000070b600000, 0x000000070b600000| Untracked 
|  76|0x000000070b800000, 0x000000070b800000, 0x000000070ba00000|  0%| F|  |TAMS 0x000000070b800000, 0x000000070b800000| Untracked 
|  77|0x000000070ba00000, 0x000000070ba00000, 0x000000070bc00000|  0%| F|  |TAMS 0x000000070ba00000, 0x000000070ba00000| Untracked 
|  78|0x000000070bc00000, 0x000000070bc00000, 0x000000070be00000|  0%| F|  |TAMS 0x000000070bc00000, 0x000000070bc00000| Untracked 
|  79|0x000000070be00000, 0x000000070be00000, 0x000000070c000000|  0%| F|  |TAMS 0x000000070be00000, 0x000000070be00000| Untracked 
|  80|0x000000070c000000, 0x000000070c000000, 0x000000070c200000|  0%| F|  |TAMS 0x000000070c000000, 0x000000070c000000| Untracked 
|  81|0x000000070c200000, 0x000000070c200000, 0x000000070c400000|  0%| F|  |TAMS 0x000000070c200000, 0x000000070c200000| Untracked 
|  82|0x000000070c400000, 0x000000070c400000, 0x000000070c600000|  0%| F|  |TAMS 0x000000070c400000, 0x000000070c400000| Untracked 
|  83|0x000000070c600000, 0x000000070c600000, 0x000000070c800000|  0%| F|  |TAMS 0x000000070c600000, 0x000000070c600000| Untracked 
|  84|0x000000070c800000, 0x000000070c800000, 0x000000070ca00000|  0%| F|  |TAMS 0x000000070c800000, 0x000000070c800000| Untracked 
|  85|0x000000070ca00000, 0x000000070ca00000, 0x000000070cc00000|  0%| F|  |TAMS 0x000000070ca00000, 0x000000070ca00000| Untracked 
|  86|0x000000070cc00000, 0x000000070cc00000, 0x000000070ce00000|  0%| F|  |TAMS 0x000000070cc00000, 0x000000070cc00000| Untracked 
|  87|0x000000070ce00000, 0x000000070ce7a4c8, 0x000000070d000000| 23%| S|CS|TAMS 0x000000070ce00000, 0x000000070ce00000| Complete 
|  88|0x000000070d000000, 0x000000070d200000, 0x000000070d200000|100%| S|CS|TAMS 0x000000070d000000, 0x000000070d000000| Complete 
|  89|0x000000070d200000, 0x000000070d200000, 0x000000070d400000|  0%| F|  |TAMS 0x000000070d200000, 0x000000070d200000| Untracked 
|  90|0x000000070d400000, 0x000000070d400000, 0x000000070d600000|  0%| F|  |TAMS 0x000000070d400000, 0x000000070d400000| Untracked 
|  91|0x000000070d600000, 0x000000070d600000, 0x000000070d800000|  0%| F|  |TAMS 0x000000070d600000, 0x000000070d600000| Untracked 
|  92|0x000000070d800000, 0x000000070d800000, 0x000000070da00000|  0%| F|  |TAMS 0x000000070d800000, 0x000000070d800000| Untracked 
|  93|0x000000070da00000, 0x000000070da00000, 0x000000070dc00000|  0%| F|  |TAMS 0x000000070da00000, 0x000000070da00000| Untracked 
|  94|0x000000070dc00000, 0x000000070dc00000, 0x000000070de00000|  0%| F|  |TAMS 0x000000070dc00000, 0x000000070dc00000| Untracked 
|  95|0x000000070de00000, 0x000000070de00000, 0x000000070e000000|  0%| F|  |TAMS 0x000000070de00000, 0x000000070de00000| Untracked 
|  96|0x000000070e000000, 0x000000070e000000, 0x000000070e200000|  0%| F|  |TAMS 0x000000070e000000, 0x000000070e000000| Untracked 
|  97|0x000000070e200000, 0x000000070e200000, 0x000000070e400000|  0%| F|  |TAMS 0x000000070e200000, 0x000000070e200000| Untracked 
|  98|0x000000070e400000, 0x000000070e400000, 0x000000070e600000|  0%| F|  |TAMS 0x000000070e400000, 0x000000070e400000| Untracked 
|  99|0x000000070e600000, 0x000000070e600000, 0x000000070e800000|  0%| F|  |TAMS 0x000000070e600000, 0x000000070e600000| Untracked 
| 100|0x000000070e800000, 0x000000070e800000, 0x000000070ea00000|  0%| F|  |TAMS 0x000000070e800000, 0x000000070e800000| Untracked 
| 101|0x000000070ea00000, 0x000000070ea00000, 0x000000070ec00000|  0%| F|  |TAMS 0x000000070ea00000, 0x000000070ea00000| Untracked 
| 102|0x000000070ec00000, 0x000000070ec00000, 0x000000070ee00000|  0%| F|  |TAMS 0x000000070ec00000, 0x000000070ec00000| Untracked 
| 103|0x000000070ee00000, 0x000000070ee00000, 0x000000070f000000|  0%| F|  |TAMS 0x000000070ee00000, 0x000000070ee00000| Untracked 
| 104|0x000000070f000000, 0x000000070f000000, 0x000000070f200000|  0%| F|  |TAMS 0x000000070f000000, 0x000000070f000000| Untracked 
| 105|0x000000070f200000, 0x000000070f200000, 0x000000070f400000|  0%| F|  |TAMS 0x000000070f200000, 0x000000070f200000| Untracked 
| 106|0x000000070f400000, 0x000000070f400000, 0x000000070f600000|  0%| F|  |TAMS 0x000000070f400000, 0x000000070f400000| Untracked 
| 107|0x000000070f600000, 0x000000070f600000, 0x000000070f800000|  0%| F|  |TAMS 0x000000070f600000, 0x000000070f600000| Untracked 
| 108|0x000000070f800000, 0x000000070f800000, 0x000000070fa00000|  0%| F|  |TAMS 0x000000070f800000, 0x000000070f800000| Untracked 
| 109|0x000000070fa00000, 0x000000070fa00000, 0x000000070fc00000|  0%| F|  |TAMS 0x000000070fa00000, 0x000000070fa00000| Untracked 
| 110|0x000000070fc00000, 0x000000070fc00000, 0x000000070fe00000|  0%| F|  |TAMS 0x000000070fc00000, 0x000000070fc00000| Untracked 
| 111|0x000000070fe00000, 0x000000070fe00000, 0x0000000710000000|  0%| F|  |TAMS 0x000000070fe00000, 0x000000070fe00000| Untracked 
| 112|0x0000000710000000, 0x0000000710000000, 0x0000000710200000|  0%| F|  |TAMS 0x0000000710000000, 0x0000000710000000| Untracked 
| 113|0x0000000710200000, 0x0000000710200000, 0x0000000710400000|  0%| F|  |TAMS 0x0000000710200000, 0x0000000710200000| Untracked 
| 114|0x0000000710400000, 0x0000000710400000, 0x0000000710600000|  0%| F|  |TAMS 0x0000000710400000, 0x0000000710400000| Untracked 
| 115|0x0000000710600000, 0x0000000710600000, 0x0000000710800000|  0%| F|  |TAMS 0x0000000710600000, 0x0000000710600000| Untracked 
| 116|0x0000000710800000, 0x0000000710800000, 0x0000000710a00000|  0%| F|  |TAMS 0x0000000710800000, 0x0000000710800000| Untracked 
| 117|0x0000000710a00000, 0x0000000710a00000, 0x0000000710c00000|  0%| F|  |TAMS 0x0000000710a00000, 0x0000000710a00000| Untracked 
| 118|0x0000000710c00000, 0x0000000710c00000, 0x0000000710e00000|  0%| F|  |TAMS 0x0000000710c00000, 0x0000000710c00000| Untracked 
| 119|0x0000000710e00000, 0x0000000710e00000, 0x0000000711000000|  0%| F|  |TAMS 0x0000000710e00000, 0x0000000710e00000| Untracked 
| 120|0x0000000711000000, 0x0000000711000000, 0x0000000711200000|  0%| F|  |TAMS 0x0000000711000000, 0x0000000711000000| Untracked 
| 121|0x0000000711200000, 0x0000000711200000, 0x0000000711400000|  0%| F|  |TAMS 0x0000000711200000, 0x0000000711200000| Untracked 
| 122|0x0000000711400000, 0x0000000711400000, 0x0000000711600000|  0%| F|  |TAMS 0x0000000711400000, 0x0000000711400000| Untracked 
| 123|0x0000000711600000, 0x0000000711600000, 0x0000000711800000|  0%| F|  |TAMS 0x0000000711600000, 0x0000000711600000| Untracked 
| 124|0x0000000711800000, 0x0000000711800000, 0x0000000711a00000|  0%| F|  |TAMS 0x0000000711800000, 0x0000000711800000| Untracked 
| 125|0x0000000711a00000, 0x0000000711a00000, 0x0000000711c00000|  0%| F|  |TAMS 0x0000000711a00000, 0x0000000711a00000| Untracked 
| 126|0x0000000711c00000, 0x0000000711c00000, 0x0000000711e00000|  0%| F|  |TAMS 0x0000000711c00000, 0x0000000711c00000| Untracked 
| 127|0x0000000711e00000, 0x0000000711e00000, 0x0000000712000000|  0%| F|  |TAMS 0x0000000711e00000, 0x0000000711e00000| Untracked 
| 128|0x0000000712000000, 0x0000000712000000, 0x0000000712200000|  0%| F|  |TAMS 0x0000000712000000, 0x0000000712000000| Untracked 
| 129|0x0000000712200000, 0x0000000712200000, 0x0000000712400000|  0%| F|  |TAMS 0x0000000712200000, 0x0000000712200000| Untracked 
| 130|0x0000000712400000, 0x0000000712400000, 0x0000000712600000|  0%| F|  |TAMS 0x0000000712400000, 0x0000000712400000| Untracked 
| 131|0x0000000712600000, 0x0000000712600000, 0x0000000712800000|  0%| F|  |TAMS 0x0000000712600000, 0x0000000712600000| Untracked 
| 132|0x0000000712800000, 0x0000000712800000, 0x0000000712a00000|  0%| F|  |TAMS 0x0000000712800000, 0x0000000712800000| Untracked 
| 133|0x0000000712a00000, 0x0000000712a00000, 0x0000000712c00000|  0%| F|  |TAMS 0x0000000712a00000, 0x0000000712a00000| Untracked 
| 134|0x0000000712c00000, 0x0000000712c00000, 0x0000000712e00000|  0%| F|  |TAMS 0x0000000712c00000, 0x0000000712c00000| Untracked 
| 135|0x0000000712e00000, 0x0000000712e00000, 0x0000000713000000|  0%| F|  |TAMS 0x0000000712e00000, 0x0000000712e00000| Untracked 
| 136|0x0000000713000000, 0x0000000713000000, 0x0000000713200000|  0%| F|  |TAMS 0x0000000713000000, 0x0000000713000000| Untracked 
| 137|0x0000000713200000, 0x0000000713200000, 0x0000000713400000|  0%| F|  |TAMS 0x0000000713200000, 0x0000000713200000| Untracked 
| 138|0x0000000713400000, 0x0000000713400000, 0x0000000713600000|  0%| F|  |TAMS 0x0000000713400000, 0x0000000713400000| Untracked 
| 139|0x0000000713600000, 0x0000000713600000, 0x0000000713800000|  0%| F|  |TAMS 0x0000000713600000, 0x0000000713600000| Untracked 
| 140|0x0000000713800000, 0x0000000713800000, 0x0000000713a00000|  0%| F|  |TAMS 0x0000000713800000, 0x0000000713800000| Untracked 
| 141|0x0000000713a00000, 0x0000000713a00000, 0x0000000713c00000|  0%| F|  |TAMS 0x0000000713a00000, 0x0000000713a00000| Untracked 
| 142|0x0000000713c00000, 0x0000000713c00000, 0x0000000713e00000|  0%| F|  |TAMS 0x0000000713c00000, 0x0000000713c00000| Untracked 
| 143|0x0000000713e00000, 0x0000000713e00000, 0x0000000714000000|  0%| F|  |TAMS 0x0000000713e00000, 0x0000000713e00000| Untracked 
| 144|0x0000000714000000, 0x0000000714000000, 0x0000000714200000|  0%| F|  |TAMS 0x0000000714000000, 0x0000000714000000| Untracked 
| 145|0x0000000714200000, 0x0000000714200000, 0x0000000714400000|  0%| F|  |TAMS 0x0000000714200000, 0x0000000714200000| Untracked 
| 146|0x0000000714400000, 0x0000000714400000, 0x0000000714600000|  0%| F|  |TAMS 0x0000000714400000, 0x0000000714400000| Untracked 
| 147|0x0000000714600000, 0x0000000714600000, 0x0000000714800000|  0%| F|  |TAMS 0x0000000714600000, 0x0000000714600000| Untracked 
| 148|0x0000000714800000, 0x0000000714800000, 0x0000000714a00000|  0%| F|  |TAMS 0x0000000714800000, 0x0000000714800000| Untracked 
| 149|0x0000000714a00000, 0x0000000714a00000, 0x0000000714c00000|  0%| F|  |TAMS 0x0000000714a00000, 0x0000000714a00000| Untracked 
| 150|0x0000000714c00000, 0x0000000714c00000, 0x0000000714e00000|  0%| F|  |TAMS 0x0000000714c00000, 0x0000000714c00000| Untracked 
| 151|0x0000000714e00000, 0x0000000714e00000, 0x0000000715000000|  0%| F|  |TAMS 0x0000000714e00000, 0x0000000714e00000| Untracked 
| 152|0x0000000715000000, 0x0000000715000000, 0x0000000715200000|  0%| F|  |TAMS 0x0000000715000000, 0x0000000715000000| Untracked 
| 153|0x0000000715200000, 0x0000000715200000, 0x0000000715400000|  0%| F|  |TAMS 0x0000000715200000, 0x0000000715200000| Untracked 
| 154|0x0000000715400000, 0x0000000715400000, 0x0000000715600000|  0%| F|  |TAMS 0x0000000715400000, 0x0000000715400000| Untracked 
| 155|0x0000000715600000, 0x0000000715600000, 0x0000000715800000|  0%| F|  |TAMS 0x0000000715600000, 0x0000000715600000| Untracked 
| 156|0x0000000715800000, 0x0000000715800000, 0x0000000715a00000|  0%| F|  |TAMS 0x0000000715800000, 0x0000000715800000| Untracked 
| 157|0x0000000715a00000, 0x0000000715a00000, 0x0000000715c00000|  0%| F|  |TAMS 0x0000000715a00000, 0x0000000715a00000| Untracked 
| 158|0x0000000715c00000, 0x0000000715c00000, 0x0000000715e00000|  0%| F|  |TAMS 0x0000000715c00000, 0x0000000715c00000| Untracked 
| 159|0x0000000715e00000, 0x0000000715e00000, 0x0000000716000000|  0%| F|  |TAMS 0x0000000715e00000, 0x0000000715e00000| Untracked 
| 160|0x0000000716000000, 0x0000000716000000, 0x0000000716200000|  0%| F|  |TAMS 0x0000000716000000, 0x0000000716000000| Untracked 
| 161|0x0000000716200000, 0x0000000716200000, 0x0000000716400000|  0%| F|  |TAMS 0x0000000716200000, 0x0000000716200000| Untracked 
| 162|0x0000000716400000, 0x0000000716400000, 0x0000000716600000|  0%| F|  |TAMS 0x0000000716400000, 0x0000000716400000| Untracked 
| 163|0x0000000716600000, 0x0000000716600000, 0x0000000716800000|  0%| F|  |TAMS 0x0000000716600000, 0x0000000716600000| Untracked 
| 164|0x0000000716800000, 0x0000000716800000, 0x0000000716a00000|  0%| F|  |TAMS 0x0000000716800000, 0x0000000716800000| Untracked 
| 165|0x0000000716a00000, 0x0000000716a00000, 0x0000000716c00000|  0%| F|  |TAMS 0x0000000716a00000, 0x0000000716a00000| Untracked 
| 166|0x0000000716c00000, 0x0000000716c00000, 0x0000000716e00000|  0%| F|  |TAMS 0x0000000716c00000, 0x0000000716c00000| Untracked 
| 167|0x0000000716e00000, 0x0000000716e00000, 0x0000000717000000|  0%| F|  |TAMS 0x0000000716e00000, 0x0000000716e00000| Untracked 
| 168|0x0000000717000000, 0x0000000717000000, 0x0000000717200000|  0%| F|  |TAMS 0x0000000717000000, 0x0000000717000000| Untracked 
| 169|0x0000000717200000, 0x0000000717200000, 0x0000000717400000|  0%| F|  |TAMS 0x0000000717200000, 0x0000000717200000| Untracked 
| 170|0x0000000717400000, 0x0000000717400000, 0x0000000717600000|  0%| F|  |TAMS 0x0000000717400000, 0x0000000717400000| Untracked 
| 171|0x0000000717600000, 0x0000000717600000, 0x0000000717800000|  0%| F|  |TAMS 0x0000000717600000, 0x0000000717600000| Untracked 
| 172|0x0000000717800000, 0x0000000717800000, 0x0000000717a00000|  0%| F|  |TAMS 0x0000000717800000, 0x0000000717800000| Untracked 
| 173|0x0000000717a00000, 0x0000000717a00000, 0x0000000717c00000|  0%| F|  |TAMS 0x0000000717a00000, 0x0000000717a00000| Untracked 
| 174|0x0000000717c00000, 0x0000000717c00000, 0x0000000717e00000|  0%| F|  |TAMS 0x0000000717c00000, 0x0000000717c00000| Untracked 
| 175|0x0000000717e00000, 0x0000000717e00000, 0x0000000718000000|  0%| F|  |TAMS 0x0000000717e00000, 0x0000000717e00000| Untracked 
| 176|0x0000000718000000, 0x0000000718000000, 0x0000000718200000|  0%| F|  |TAMS 0x0000000718000000, 0x0000000718000000| Untracked 
| 177|0x0000000718200000, 0x0000000718200000, 0x0000000718400000|  0%| F|  |TAMS 0x0000000718200000, 0x0000000718200000| Untracked 
| 178|0x0000000718400000, 0x0000000718400000, 0x0000000718600000|  0%| F|  |TAMS 0x0000000718400000, 0x0000000718400000| Untracked 
| 179|0x0000000718600000, 0x0000000718600000, 0x0000000718800000|  0%| F|  |TAMS 0x0000000718600000, 0x0000000718600000| Untracked 
| 180|0x0000000718800000, 0x0000000718800000, 0x0000000718a00000|  0%| F|  |TAMS 0x0000000718800000, 0x0000000718800000| Untracked 
| 181|0x0000000718a00000, 0x0000000718a00000, 0x0000000718c00000|  0%| F|  |TAMS 0x0000000718a00000, 0x0000000718a00000| Untracked 
| 182|0x0000000718c00000, 0x0000000718c00000, 0x0000000718e00000|  0%| F|  |TAMS 0x0000000718c00000, 0x0000000718c00000| Untracked 
| 183|0x0000000718e00000, 0x0000000718e00000, 0x0000000719000000|  0%| F|  |TAMS 0x0000000718e00000, 0x0000000718e00000| Untracked 
| 184|0x0000000719000000, 0x0000000719000000, 0x0000000719200000|  0%| F|  |TAMS 0x0000000719000000, 0x0000000719000000| Untracked 
| 185|0x0000000719200000, 0x0000000719200000, 0x0000000719400000|  0%| F|  |TAMS 0x0000000719200000, 0x0000000719200000| Untracked 
| 186|0x0000000719400000, 0x0000000719400000, 0x0000000719600000|  0%| F|  |TAMS 0x0000000719400000, 0x0000000719400000| Untracked 
| 187|0x0000000719600000, 0x0000000719600000, 0x0000000719800000|  0%| F|  |TAMS 0x0000000719600000, 0x0000000719600000| Untracked 
| 188|0x0000000719800000, 0x0000000719800000, 0x0000000719a00000|  0%| F|  |TAMS 0x0000000719800000, 0x0000000719800000| Untracked 
| 189|0x0000000719a00000, 0x0000000719a00000, 0x0000000719c00000|  0%| F|  |TAMS 0x0000000719a00000, 0x0000000719a00000| Untracked 
| 190|0x0000000719c00000, 0x0000000719c00000, 0x0000000719e00000|  0%| F|  |TAMS 0x0000000719c00000, 0x0000000719c00000| Untracked 
| 191|0x0000000719e00000, 0x0000000719e00000, 0x000000071a000000|  0%| F|  |TAMS 0x0000000719e00000, 0x0000000719e00000| Untracked 
| 192|0x000000071a000000, 0x000000071a000000, 0x000000071a200000|  0%| F|  |TAMS 0x000000071a000000, 0x000000071a000000| Untracked 
| 193|0x000000071a200000, 0x000000071a200000, 0x000000071a400000|  0%| F|  |TAMS 0x000000071a200000, 0x000000071a200000| Untracked 
| 194|0x000000071a400000, 0x000000071a400000, 0x000000071a600000|  0%| F|  |TAMS 0x000000071a400000, 0x000000071a400000| Untracked 
| 195|0x000000071a600000, 0x000000071a600000, 0x000000071a800000|  0%| F|  |TAMS 0x000000071a600000, 0x000000071a600000| Untracked 
| 196|0x000000071a800000, 0x000000071a800000, 0x000000071aa00000|  0%| F|  |TAMS 0x000000071a800000, 0x000000071a800000| Untracked 
| 197|0x000000071aa00000, 0x000000071aa00000, 0x000000071ac00000|  0%| F|  |TAMS 0x000000071aa00000, 0x000000071aa00000| Untracked 
| 198|0x000000071ac00000, 0x000000071ac00000, 0x000000071ae00000|  0%| F|  |TAMS 0x000000071ac00000, 0x000000071ac00000| Untracked 
| 199|0x000000071ae00000, 0x000000071ae00000, 0x000000071b000000|  0%| F|  |TAMS 0x000000071ae00000, 0x000000071ae00000| Untracked 
| 200|0x000000071b000000, 0x000000071b000000, 0x000000071b200000|  0%| F|  |TAMS 0x000000071b000000, 0x000000071b000000| Untracked 
| 201|0x000000071b200000, 0x000000071b200000, 0x000000071b400000|  0%| F|  |TAMS 0x000000071b200000, 0x000000071b200000| Untracked 
| 202|0x000000071b400000, 0x000000071b400000, 0x000000071b600000|  0%| F|  |TAMS 0x000000071b400000, 0x000000071b400000| Untracked 
| 203|0x000000071b600000, 0x000000071b600000, 0x000000071b800000|  0%| F|  |TAMS 0x000000071b600000, 0x000000071b600000| Untracked 
| 204|0x000000071b800000, 0x000000071ba00000, 0x000000071ba00000|100%| E|  |TAMS 0x000000071b800000, 0x000000071b800000| Complete 
| 205|0x000000071ba00000, 0x000000071bc00000, 0x000000071bc00000|100%| E|CS|TAMS 0x000000071ba00000, 0x000000071ba00000| Complete 
| 206|0x000000071bc00000, 0x000000071be00000, 0x000000071be00000|100%| E|CS|TAMS 0x000000071bc00000, 0x000000071bc00000| Complete 
| 207|0x000000071be00000, 0x000000071c000000, 0x000000071c000000|100%| E|CS|TAMS 0x000000071be00000, 0x000000071be00000| Complete 
| 208|0x000000071c000000, 0x000000071c200000, 0x000000071c200000|100%| E|CS|TAMS 0x000000071c000000, 0x000000071c000000| Complete 
| 209|0x000000071c200000, 0x000000071c400000, 0x000000071c400000|100%| E|CS|TAMS 0x000000071c200000, 0x000000071c200000| Complete 
| 210|0x000000071c400000, 0x000000071c600000, 0x000000071c600000|100%| E|CS|TAMS 0x000000071c400000, 0x000000071c400000| Complete 
| 211|0x000000071c600000, 0x000000071c800000, 0x000000071c800000|100%| E|CS|TAMS 0x000000071c600000, 0x000000071c600000| Complete 
| 212|0x000000071c800000, 0x000000071ca00000, 0x000000071ca00000|100%| E|CS|TAMS 0x000000071c800000, 0x000000071c800000| Complete 
| 213|0x000000071ca00000, 0x000000071cc00000, 0x000000071cc00000|100%| E|CS|TAMS 0x000000071ca00000, 0x000000071ca00000| Complete 
| 214|0x000000071cc00000, 0x000000071ce00000, 0x000000071ce00000|100%| E|CS|TAMS 0x000000071cc00000, 0x000000071cc00000| Complete 
| 215|0x000000071ce00000, 0x000000071d000000, 0x000000071d000000|100%| E|CS|TAMS 0x000000071ce00000, 0x000000071ce00000| Complete 
| 216|0x000000071d000000, 0x000000071d200000, 0x000000071d200000|100%| E|CS|TAMS 0x000000071d000000, 0x000000071d000000| Complete 
| 217|0x000000071d200000, 0x000000071d400000, 0x000000071d400000|100%| E|CS|TAMS 0x000000071d200000, 0x000000071d200000| Complete 
| 218|0x000000071d400000, 0x000000071d600000, 0x000000071d600000|100%| E|CS|TAMS 0x000000071d400000, 0x000000071d400000| Complete 
| 219|0x000000071d600000, 0x000000071d800000, 0x000000071d800000|100%| E|CS|TAMS 0x000000071d600000, 0x000000071d600000| Complete 
| 220|0x000000071d800000, 0x000000071da00000, 0x000000071da00000|100%| E|CS|TAMS 0x000000071d800000, 0x000000071d800000| Complete 

Card table byte_map: [0x000001bf4cca0000,0x000001bf4d490000] _byte_map_base: 0x000001bf49490000

Marking Bits (Prev, Next): (CMBitMap*) 0x000001bf33082390, (CMBitMap*) 0x000001bf330823d0
 Prev Bits: [0x000001bf4dc80000, 0x000001bf51c00000)
 Next Bits: [0x000001bf51c00000, 0x000001bf55b80000)

Polling page: 0x000001bf33110000

Metaspace:

Usage:
  Non-class:      5.30 MB capacity,     3.38 MB ( 64%) used,     1.91 MB ( 36%) free+waste,     3.06 KB ( <1%) overhead. 
      Class:    565.00 KB capacity,   303.12 KB ( 54%) used,   260.56 KB ( 46%) free+waste,     1.31 KB ( <1%) overhead. 
       Both:      5.85 MB capacity,     3.68 MB ( 63%) used,     2.17 MB ( 37%) free+waste,     4.38 KB ( <1%) overhead. 

Virtual space:
  Non-class space:        8.00 MB reserved,       5.50 MB ( 69%) committed 
      Class space:        1.00 GB reserved,     640.00 KB ( <1%) committed 
             Both:        1.01 GB reserved,       6.12 MB ( <1%) committed 

Chunk freelists:
   Non-Class:  12.00 KB
       Class:  11.00 KB
        Both:  23.00 KB

MaxMetaspaceSize: 17179869184.00 GB
CompressedClassSpaceSize: 1.00 GB

CodeHeap 'non-profiled nmethods': size=120000Kb used=2502Kb max_used=2502Kb free=117498Kb
 bounds [0x000001bf44520000, 0x000001bf447a0000, 0x000001bf4ba50000]
CodeHeap 'profiled nmethods': size=120000Kb used=3885Kb max_used=3885Kb free=116114Kb
 bounds [0x000001bf3cff0000, 0x000001bf3d3c0000, 0x000001bf44520000]
CodeHeap 'non-nmethods': size=5760Kb used=1160Kb max_used=1258Kb free=4599Kb
 bounds [0x000001bf3ca50000, 0x000001bf3ccc0000, 0x000001bf3cff0000]
 total_blobs=2559 nmethods=2143 adapters=329
 compilation: enabled
              stopped_count=0, restarted_count=0
 full_count=0

Compilation events (20 events):
Event: 28.412 Thread 0x000001bf58fc8290 2137       4       org.yaml.snakeyaml.resolver.Resolver::<init> (20 bytes)
Event: 28.414 Thread 0x000001bf58fc8290 nmethod 2137 0x000001bf44787590 code [0x000001bf447877a0, 0x000001bf44787b30]
Event: 28.614 Thread 0x000001bf58fc8290 2138       4       org.yaml.snakeyaml.parser.ParserImpl$ParseDocumentStart::produce (402 bytes)
Event: 28.619 Thread 0x000001bf58fc8290 nmethod 2138 0x000001bf44787d90 code [0x000001bf44787fa0, 0x000001bf44788718]
Event: 29.113 Thread 0x000001bf58fc8290 2139       4       sun.net.www.protocol.jar.JarURLConnection$JarURLInputStream::<init> (11 bytes)
Event: 29.115 Thread 0x000001bf58fc8290 nmethod 2139 0x000001bf44788d10 code [0x000001bf44788e80, 0x000001bf447890b8]
Event: 29.115 Thread 0x000001bf58fc8290 2140       4       org.yaml.snakeyaml.parser.ParserImpl$ParseStreamStart::produce (54 bytes)
Event: 29.118 Thread 0x000001bf58fc8290 nmethod 2140 0x000001bf44789110 code [0x000001bf447892c0, 0x000001bf44789838]
Event: 29.118 Thread 0x000001bf58fc8290 2141       4       org.yaml.snakeyaml.parser.ParserImpl$ParseImplicitDocumentStart::produce (155 bytes)
Event: 29.126 Thread 0x000001bf58fc8290 nmethod 2141 0x000001bf44789c10 code [0x000001bf44789e40, 0x000001bf4478ae50]
Event: 29.126 Thread 0x000001bf58fc8290 2142       4       org.yaml.snakeyaml.events.StreamEndEvent::is (13 bytes)
Event: 29.126 Thread 0x000001bf58fc8290 nmethod 2142 0x000001bf4478b710 code [0x000001bf4478b880, 0x000001bf4478b8f8]
Event: 29.126 Thread 0x000001bf58fc8290 2143   !   4       org.yaml.snakeyaml.constructor.Constructor$ConstructYamlObject::construct (65 bytes)
Event: 29.162 Thread 0x000001bf58fc8290 nmethod 2143 0x000001bf4478ba10 code [0x000001bf4478bd60, 0x000001bf4478e268]
Event: 29.634 Thread 0x000001bf58fc8290 2144       4       org.yaml.snakeyaml.events.DocumentStartEvent::<init> (24 bytes)
Event: 29.637 Thread 0x000001bf58fc8290 nmethod 2144 0x000001bf4478ff90 code [0x000001bf44790100, 0x000001bf447905d8]
Event: 30.139 Thread 0x000001bf58fc8290 2145       4       org.yaml.snakeyaml.parser.VersionTagsTuple::<init> (15 bytes)
Event: 30.140 Thread 0x000001bf58fc8290 nmethod 2145 0x000001bf44790690 code [0x000001bf44790800, 0x000001bf44790a38]
Event: 30.214 Thread 0x000001bf58fc8290 2146       4       sun.net.www.protocol.jar.Handler::parseContextSpec (150 bytes)
Event: 30.219 Thread 0x000001bf58fc8290 nmethod 2146 0x000001bf44790a90 code [0x000001bf44790c40, 0x000001bf447913b8]

GC Heap History (20 events):
Event: 30.189 GC heap before
{Heap before GC invocations=169 (full 0):
 garbage-first heap   total 452608K, used 273478K [0x0000000702000000, 0x0000000800000000)
  region size 2048K, 132 young (270336K), 2 survivors (4096K)
 Metaspace       used 3768K, capacity 5993K, committed 6272K, reserved 1056768K
  class space    used 303K, capacity 565K, committed 640K, reserved 1048576K
}
Event: 30.190 GC heap after
{Heap after GC invocations=170 (full 0):
 garbage-first heap   total 452608K, used 7657K [0x0000000702000000, 0x0000000800000000)
  region size 2048K, 2 young (4096K), 2 survivors (4096K)
 Metaspace       used 3768K, capacity 5993K, committed 6272K, reserved 1056768K
  class space    used 303K, capacity 565K, committed 640K, reserved 1048576K
}
Event: 30.354 GC heap before
{Heap before GC invocations=170 (full 0):
 garbage-first heap   total 452608K, used 273897K [0x0000000702000000, 0x0000000800000000)
  region size 2048K, 132 young (270336K), 2 survivors (4096K)
 Metaspace       used 3768K, capacity 5993K, committed 6272K, reserved 1056768K
  class space    used 303K, capacity 565K, committed 640K, reserved 1048576K
}
Event: 30.355 GC heap after
{Heap after GC invocations=171 (full 0):
 garbage-first heap   total 452608K, used 6887K [0x0000000702000000, 0x0000000800000000)
  region size 2048K, 2 young (4096K), 2 survivors (4096K)
 Metaspace       used 3768K, capacity 5993K, committed 6272K, reserved 1056768K
  class space    used 303K, capacity 565K, committed 640K, reserved 1048576K
}
Event: 30.519 GC heap before
{Heap before GC invocations=171 (full 0):
 garbage-first heap   total 452608K, used 273127K [0x0000000702000000, 0x0000000800000000)
  region size 2048K, 132 young (270336K), 2 survivors (4096K)
 Metaspace       used 3768K, capacity 5993K, committed 6272K, reserved 1056768K
  class space    used 303K, capacity 565K, committed 640K, reserved 1048576K
}
Event: 30.520 GC heap after
{Heap after GC invocations=172 (full 0):
 garbage-first heap   total 452608K, used 7129K [0x0000000702000000, 0x0000000800000000)
  region size 2048K, 2 young (4096K), 2 survivors (4096K)
 Metaspace       used 3768K, capacity 5993K, committed 6272K, reserved 1056768K
  class space    used 303K, capacity 565K, committed 640K, reserved 1048576K
}
Event: 30.695 GC heap before
{Heap before GC invocations=172 (full 0):
 garbage-first heap   total 452608K, used 273369K [0x0000000702000000, 0x0000000800000000)
  region size 2048K, 132 young (270336K), 2 survivors (4096K)
 Metaspace       used 3768K, capacity 5993K, committed 6272K, reserved 1056768K
  class space    used 303K, capacity 565K, committed 640K, reserved 1048576K
}
Event: 30.696 GC heap after
{Heap after GC invocations=173 (full 0):
 garbage-first heap   total 452608K, used 7398K [0x0000000702000000, 0x0000000800000000)
  region size 2048K, 2 young (4096K), 2 survivors (4096K)
 Metaspace       used 3768K, capacity 5993K, committed 6272K, reserved 1056768K
  class space    used 303K, capacity 565K, committed 640K, reserved 1048576K
}
Event: 30.860 GC heap before
{Heap before GC invocations=173 (full 0):
 garbage-first heap   total 452608K, used 273638K [0x0000000702000000, 0x0000000800000000)
  region size 2048K, 132 young (270336K), 2 survivors (4096K)
 Metaspace       used 3768K, capacity 5993K, committed 6272K, reserved 1056768K
  class space    used 303K, capacity 565K, committed 640K, reserved 1048576K
}
Event: 30.861 GC heap after
{Heap after GC invocations=174 (full 0):
 garbage-first heap   total 452608K, used 6758K [0x0000000702000000, 0x0000000800000000)
  region size 2048K, 2 young (4096K), 2 survivors (4096K)
 Metaspace       used 3768K, capacity 5993K, committed 6272K, reserved 1056768K
  class space    used 303K, capacity 565K, committed 640K, reserved 1048576K
}
Event: 31.036 GC heap before
{Heap before GC invocations=174 (full 0):
 garbage-first heap   total 452608K, used 272998K [0x0000000702000000, 0x0000000800000000)
  region size 2048K, 132 young (270336K), 2 survivors (4096K)
 Metaspace       used 3768K, capacity 5993K, committed 6272K, reserved 1056768K
  class space    used 303K, capacity 565K, committed 640K, reserved 1048576K
}
Event: 31.037 GC heap after
{Heap after GC invocations=175 (full 0):
 garbage-first heap   total 452608K, used 6961K [0x0000000702000000, 0x0000000800000000)
  region size 2048K, 2 young (4096K), 2 survivors (4096K)
 Metaspace       used 3768K, capacity 5993K, committed 6272K, reserved 1056768K
  class space    used 303K, capacity 565K, committed 640K, reserved 1048576K
}
Event: 31.201 GC heap before
{Heap before GC invocations=175 (full 0):
 garbage-first heap   total 452608K, used 273201K [0x0000000702000000, 0x0000000800000000)
  region size 2048K, 132 young (270336K), 2 survivors (4096K)
 Metaspace       used 3768K, capacity 5993K, committed 6272K, reserved 1056768K
  class space    used 303K, capacity 565K, committed 640K, reserved 1048576K
}
Event: 31.202 GC heap after
{Heap after GC invocations=176 (full 0):
 garbage-first heap   total 452608K, used 7264K [0x0000000702000000, 0x0000000800000000)
  region size 2048K, 2 young (4096K), 2 survivors (4096K)
 Metaspace       used 3768K, capacity 5993K, committed 6272K, reserved 1056768K
  class space    used 303K, capacity 565K, committed 640K, reserved 1048576K
}
Event: 31.378 GC heap before
{Heap before GC invocations=176 (full 0):
 garbage-first heap   total 452608K, used 273504K [0x0000000702000000, 0x0000000800000000)
  region size 2048K, 132 young (270336K), 2 survivors (4096K)
 Metaspace       used 3768K, capacity 5993K, committed 6272K, reserved 1056768K
  class space    used 303K, capacity 565K, committed 640K, reserved 1048576K
}
Event: 31.379 GC heap after
{Heap after GC invocations=177 (full 0):
 garbage-first heap   total 452608K, used 7596K [0x0000000702000000, 0x0000000800000000)
  region size 2048K, 2 young (4096K), 2 survivors (4096K)
 Metaspace       used 3768K, capacity 5993K, committed 6272K, reserved 1056768K
  class space    used 303K, capacity 565K, committed 640K, reserved 1048576K
}
Event: 31.543 GC heap before
{Heap before GC invocations=177 (full 0):
 garbage-first heap   total 452608K, used 273836K [0x0000000702000000, 0x0000000800000000)
  region size 2048K, 132 young (270336K), 2 survivors (4096K)
 Metaspace       used 3768K, capacity 5993K, committed 6272K, reserved 1056768K
  class space    used 303K, capacity 565K, committed 640K, reserved 1048576K
}
Event: 31.544 GC heap after
{Heap after GC invocations=178 (full 0):
 garbage-first heap   total 452608K, used 6895K [0x0000000702000000, 0x0000000800000000)
  region size 2048K, 2 young (4096K), 2 survivors (4096K)
 Metaspace       used 3768K, capacity 5993K, committed 6272K, reserved 1056768K
  class space    used 303K, capacity 565K, committed 640K, reserved 1048576K
}
Event: 31.707 GC heap before
{Heap before GC invocations=178 (full 0):
 garbage-first heap   total 452608K, used 273135K [0x0000000702000000, 0x0000000800000000)
  region size 2048K, 132 young (270336K), 2 survivors (4096K)
 Metaspace       used 3768K, capacity 5993K, committed 6272K, reserved 1056768K
  class space    used 303K, capacity 565K, committed 640K, reserved 1048576K
}
Event: 31.708 GC heap after
{Heap after GC invocations=179 (full 0):
 garbage-first heap   total 452608K, used 7145K [0x0000000702000000, 0x0000000800000000)
  region size 2048K, 2 young (4096K), 2 survivors (4096K)
 Metaspace       used 3768K, capacity 5993K, committed 6272K, reserved 1056768K
  class space    used 303K, capacity 565K, committed 640K, reserved 1048576K
}

Deoptimization events (20 events):
Event: 3.319 Thread 0x000001bf33031550 DEOPT PACKING pc=0x000001bf3d38b185 sp=0x0000002ddadfdff0
Event: 3.319 Thread 0x000001bf33031550 DEOPT UNPACKING pc=0x000001bf3ca9e23f sp=0x0000002ddadfd4a0 mode 0
Event: 3.910 Thread 0x000001bf33031550 DEOPT PACKING pc=0x000001bf3d29f504 sp=0x0000002ddadfe460
Event: 3.910 Thread 0x000001bf33031550 DEOPT UNPACKING pc=0x000001bf3ca9e23f sp=0x0000002ddadfd9e0 mode 0
Event: 4.891 Thread 0x000001bf33031550 Uncommon trap: trap_request=0xffffffcc fr.pc=0x000001bf446dab08 relative=0x00000000000022a8
Event: 4.891 Thread 0x000001bf33031550 Uncommon trap: reason=intrinsic_or_type_checked_inlining action=make_not_entrant pc=0x000001bf446dab08 method=java.util.ArrayList$SubList.toArray([Ljava/lang/Object;)[Ljava/lang/Object; @ 58 c2
Event: 4.891 Thread 0x000001bf33031550 DEOPT PACKING pc=0x000001bf446dab08 sp=0x0000002ddadfee80
Event: 4.891 Thread 0x000001bf33031550 DEOPT UNPACKING pc=0x000001bf3ca9e42f sp=0x0000002ddadfedd8 mode 2
Event: 8.575 Thread 0x000001bf33031550 Uncommon trap: trap_request=0xffffff45 fr.pc=0x000001bf446e22a4 relative=0x0000000000000124
Event: 8.575 Thread 0x000001bf33031550 Uncommon trap: reason=unstable_if action=reinterpret pc=0x000001bf446e22a4 method=java.util.LinkedList.node(I)Ljava/util/LinkedList$Node; @ 7 c2
Event: 8.575 Thread 0x000001bf33031550 DEOPT PACKING pc=0x000001bf446e22a4 sp=0x0000002ddadff170
Event: 8.575 Thread 0x000001bf33031550 DEOPT UNPACKING pc=0x000001bf3ca9e42f sp=0x0000002ddadff0e8 mode 2
Event: 10.125 Thread 0x000001bf33031550 DEOPT PACKING pc=0x000001bf3d3b690b sp=0x0000002ddadff160
Event: 10.125 Thread 0x000001bf33031550 DEOPT UNPACKING pc=0x000001bf3ca9e23f sp=0x0000002ddadfe5e8 mode 0
Event: 23.919 Thread 0x000001bf33031550 DEOPT PACKING pc=0x000001bf3d3b9232 sp=0x0000002ddadff190
Event: 23.920 Thread 0x000001bf33031550 DEOPT UNPACKING pc=0x000001bf3ca9e23f sp=0x0000002ddadfe620 mode 0
Event: 31.729 Thread 0x000001bf33031550 Uncommon trap: trap_request=0xffffffde fr.pc=0x000001bf446afb94 relative=0x0000000000000cf4
Event: 31.729 Thread 0x000001bf33031550 Uncommon trap: reason=class_check action=maybe_recompile pc=0x000001bf446afb94 method=org.yaml.snakeyaml.constructor.BaseConstructor.constructSequenceStep2(Lorg/yaml/snakeyaml/nodes/SequenceNode;Ljava/util/Collection;)V @ 25 c2
Event: 31.729 Thread 0x000001bf33031550 DEOPT PACKING pc=0x000001bf446afb94 sp=0x0000002ddadfe6f0
Event: 31.729 Thread 0x000001bf33031550 DEOPT UNPACKING pc=0x000001bf3ca9e42f sp=0x0000002ddadfe6e8 mode 2

Classes unloaded (0 events):
No events

Classes redefined (0 events):
No events

Internal exceptions (6 events):
Event: 0.088 Thread 0x000001bf59234c90 Exception <a 'java/lang/NoSuchMethodError'{0x0000000711a79fc8}: 'java.lang.Object java.lang.invoke.DirectMethodHandle$Holder.invokeStatic(java.lang.Object)'> (0x0000000711a79fc8) 
thrown [./open/src/hotspot/share/interpreter/linkResolver.cpp, line 782]
Event: 0.088 Thread 0x000001bf59234c90 Exception <a 'java/lang/NoSuchMethodError'{0x0000000711a7d8d8}: 'java.lang.Object java.lang.invoke.DirectMethodHandle$Holder.invokeStaticInit(java.lang.Object)'> (0x0000000711a7d8d8) 
thrown [./open/src/hotspot/share/interpreter/linkResolver.cpp, line 782]
Event: 0.092 Thread 0x000001bf59234c90 Exception <a 'java/lang/NoSuchMethodError'{0x0000000711a8ad28}: 'void java.lang.invoke.DirectMethodHandle$Holder.invokeStatic(java.lang.Object, java.lang.Object)'> (0x0000000711a8ad28) 
thrown [./open/src/hotspot/share/interpreter/linkResolver.cpp, line 782]
Event: 0.135 Thread 0x000001bf33031550 Exception <a 'java/lang/NoSuchMethodError'{0x0000000711b601b8}: 'void java.lang.invoke.DirectMethodHandle$Holder.invokeSpecial(java.lang.Object, java.lang.Object, java.lang.Object)'> (0x0000000711b601b8) 
thrown [./open/src/hotspot/share/interpreter/linkResolver.cpp, line 782]
Event: 0.294 Thread 0x000001bf33031550 Implicit null exception at 0x000001bf4455c8f2 to 0x000001bf4455d284
Event: 0.294 Thread 0x000001bf33031550 Implicit null exception at 0x000001bf44555422 to 0x000001bf4455593c

Events (20 events):
Event: 30.189 Executing VM operation: G1CollectForAllocation
Event: 30.190 Executing VM operation: G1CollectForAllocation done
Event: 30.354 Executing VM operation: G1CollectForAllocation
Event: 30.355 Executing VM operation: G1CollectForAllocation done
Event: 30.519 Executing VM operation: G1CollectForAllocation
Event: 30.520 Executing VM operation: G1CollectForAllocation done
Event: 30.695 Executing VM operation: G1CollectForAllocation
Event: 30.696 Executing VM operation: G1CollectForAllocation done
Event: 30.860 Executing VM operation: G1CollectForAllocation
Event: 30.861 Executing VM operation: G1CollectForAllocation done
Event: 31.036 Executing VM operation: G1CollectForAllocation
Event: 31.037 Executing VM operation: G1CollectForAllocation done
Event: 31.201 Executing VM operation: G1CollectForAllocation
Event: 31.202 Executing VM operation: G1CollectForAllocation done
Event: 31.377 Executing VM operation: G1CollectForAllocation
Event: 31.379 Executing VM operation: G1CollectForAllocation done
Event: 31.543 Executing VM operation: G1CollectForAllocation
Event: 31.544 Executing VM operation: G1CollectForAllocation done
Event: 31.707 Executing VM operation: G1CollectForAllocation
Event: 31.708 Executing VM operation: G1CollectForAllocation done


Dynamic libraries:
0x00007ff7b8450000 - 0x00007ff7b845d000 	C:\Users\user\.jdks\openjdk-15\bin\java.exe
0x00007ff977670000 - 0x00007ff977865000 	C:\Windows\SYSTEM32\ntdll.dll
0x00007ff976230000 - 0x00007ff9762ed000 	C:\Windows\System32\KERNEL32.DLL
0x00007ff974f40000 - 0x00007ff975208000 	C:\Windows\System32\KERNELBASE.dll
0x00007ff9754c0000 - 0x00007ff9755c0000 	C:\Windows\System32\ucrtbase.dll
0x00007ff91d8c0000 - 0x00007ff91d8d9000 	C:\Users\user\.jdks\openjdk-15\bin\VCRUNTIME140.dll
0x00007ff91d7b0000 - 0x00007ff91d7c8000 	C:\Users\user\.jdks\openjdk-15\bin\jli.dll
0x00007ff976320000 - 0x00007ff9764c0000 	C:\Windows\System32\USER32.dll
0x00007ff9741d0000 - 0x00007ff97446a000 	C:\Windows\WinSxS\amd64_microsoft.windows.common-controls_6595b64144ccf1df_6.0.19041.844_none_ca00b6081b84eb1d\COMCTL32.dll
0x00007ff975210000 - 0x00007ff975232000 	C:\Windows\System32\win32u.dll
0x00007ff975fb0000 - 0x00007ff97604e000 	C:\Windows\System32\msvcrt.dll
0x00007ff976200000 - 0x00007ff97622a000 	C:\Windows\System32\GDI32.dll
0x00007ff9753b0000 - 0x00007ff9754bb000 	C:\Windows\System32\gdi32full.dll
0x00007ff9752c0000 - 0x00007ff97535d000 	C:\Windows\System32\msvcp_win.dll
0x00007ff9762f0000 - 0x00007ff976320000 	C:\Windows\System32\IMM32.DLL
0x00007ff971920000 - 0x00007ff97192c000 	C:\Users\user\.jdks\openjdk-15\bin\vcruntime140_1.dll
0x00007ff918f20000 - 0x00007ff918fb1000 	C:\Users\user\.jdks\openjdk-15\bin\msvcp140.dll
0x00007ff9149d0000 - 0x00007ff91552c000 	C:\Users\user\.jdks\openjdk-15\bin\server\jvm.dll
0x00007ff9767e0000 - 0x00007ff97688c000 	C:\Windows\System32\ADVAPI32.dll
0x00007ff976b80000 - 0x00007ff976c1b000 	C:\Windows\System32\sechost.dll
0x00007ff975e80000 - 0x00007ff975fab000 	C:\Windows\System32\RPCRT4.dll
0x00007ff977410000 - 0x00007ff977418000 	C:\Windows\System32\PSAPI.DLL
0x00007ff96e970000 - 0x00007ff96e97a000 	C:\Windows\SYSTEM32\VERSION.dll
0x00007ff964bf0000 - 0x00007ff964c17000 	C:\Windows\SYSTEM32\WINMM.dll
0x00007ff95a8e0000 - 0x00007ff95a8e9000 	C:\Windows\SYSTEM32\WSOCK32.dll
0x00007ff976930000 - 0x00007ff97699b000 	C:\Windows\System32\WS2_32.dll
0x00007ff971f50000 - 0x00007ff971f62000 	C:\Windows\SYSTEM32\kernel.appcore.dll
0x00007ff96fc40000 - 0x00007ff96fc4a000 	C:\Users\user\.jdks\openjdk-15\bin\jimage.dll
0x00007ff9747e0000 - 0x00007ff9749c4000 	C:\Windows\SYSTEM32\DBGHELP.DLL
0x00007ff974590000 - 0x00007ff9745bc000 	C:\Windows\SYSTEM32\dbgcore.DLL
0x00007ff975240000 - 0x00007ff9752c0000 	C:\Windows\System32\bcryptPrimitives.dll
0x00007ff944ce0000 - 0x00007ff944cee000 	C:\Users\user\.jdks\openjdk-15\bin\instrument.dll
0x00007ff91a250000 - 0x00007ff91a275000 	C:\Users\user\.jdks\openjdk-15\bin\java.dll
0x00007ff975730000 - 0x00007ff975e72000 	C:\Windows\System32\SHELL32.dll
0x00007ff972250000 - 0x00007ff9729e0000 	C:\Windows\SYSTEM32\windows.storage.dll
0x00007ff976c20000 - 0x00007ff976f75000 	C:\Windows\System32\combase.dll
0x00007ff974130000 - 0x00007ff97415c000 	C:\Windows\SYSTEM32\Wldp.dll
0x00007ff9764d0000 - 0x00007ff97657e000 	C:\Windows\System32\SHCORE.dll
0x00007ff9775d0000 - 0x00007ff977625000 	C:\Windows\System32\shlwapi.dll
0x00007ff974cf0000 - 0x00007ff974d0f000 	C:\Windows\SYSTEM32\profapi.dll
0x00007ff91a210000 - 0x00007ff91a228000 	C:\Users\user\.jdks\openjdk-15\bin\zip.dll
0x00007ff91d790000 - 0x00007ff91d7a9000 	C:\Users\user\.jdks\openjdk-15\bin\net.dll
0x00007ff963bf0000 - 0x00007ff963cfb000 	C:\Windows\SYSTEM32\WINHTTP.dll
0x00007ff973ea0000 - 0x00007ff973f0a000 	C:\Windows\system32\mswsock.dll
0x00007ff91a230000 - 0x00007ff91a242000 	C:\Users\user\.jdks\openjdk-15\bin\nio.dll
0x00007ff91a030000 - 0x00007ff91a04a000 	C:\Program Files\JetBrains\IntelliJ IDEA Educational Edition 2020.2.2\bin\breakgen64.dll

dbghelp: loaded successfully - version: 4.0.5 - missing functions: none
symbol engine: initialized successfully - sym options: 0x614 - pdb path: .;C:\Users\user\.jdks\openjdk-15\bin;C:\Windows\SYSTEM32;C:\Windows\WinSxS\amd64_microsoft.windows.common-controls_6595b64144ccf1df_6.0.19041.844_none_ca00b6081b84eb1d;C:\Users\user\.jdks\openjdk-15\bin\server;C:\Program Files\JetBrains\IntelliJ IDEA Educational Edition 2020.2.2\bin

VM Arguments:
jvm_args: -javaagent:C:\Program Files\JetBrains\IntelliJ IDEA Educational Edition 2020.2.2\lib\idea_rt.jar=54544:C:\Program Files\JetBrains\IntelliJ IDEA Educational Edition 2020.2.2\bin -Dfile.encoding=UTF-8 
java_command: JavaConnect2SQL
java_class_path (initial): C:\Users\user\IdeaProjects\DataGenerator\target\classes;D:\MSJDBC\sqljdbc_9.2\enu\mssql-jdbc-9.2.1.jre15.jar;C:\Users\user\.m2\repository\com\github\javafaker\javafaker\1.0.2\javafaker-1.0.2.jar;C:\Users\user\.m2\repository\org\apache\commons\commons-lang3\3.5\commons-lang3-3.5.jar;C:\Users\user\.m2\repository\org\yaml\snakeyaml\1.23\snakeyaml-1.23-android.jar;C:\Users\user\.m2\repository\com\github\mifmif\generex\1.0.2\generex-1.0.2.jar;C:\Users\user\.m2\repository\dk\brics\automaton\automaton\1.11-8\automaton-1.11-8.jar
Launcher Type: SUN_STANDARD

[Global flags]
     intx CICompilerCount                          = 4                                         {product} {ergonomic}
     uint ConcGCThreads                            = 2                                         {product} {ergonomic}
     uint G1ConcRefinementThreads                  = 8                                         {product} {ergonomic}
   size_t G1HeapRegionSize                         = 2097152                                   {product} {ergonomic}
    uintx GCDrainStackTargetSize                   = 64                                        {product} {ergonomic}
   size_t InitialHeapSize                          = 266338304                                 {product} {ergonomic}
   size_t MarkStackSize                            = 4194304                                   {product} {ergonomic}
   size_t MaxHeapSize                              = 4261412864                                {product} {ergonomic}
   size_t MaxNewSize                               = 2556428288                                {product} {ergonomic}
   size_t MinHeapDeltaBytes                        = 2097152                                   {product} {ergonomic}
   size_t MinHeapSize                              = 8388608                                   {product} {ergonomic}
    uintx NonNMethodCodeHeapSize                   = 5839372                                {pd product} {ergonomic}
    uintx NonProfiledCodeHeapSize                  = 122909434                              {pd product} {ergonomic}
    uintx ProfiledCodeHeapSize                     = 122909434                              {pd product} {ergonomic}
    uintx ReservedCodeCacheSize                    = 251658240                              {pd product} {ergonomic}
     bool SegmentedCodeCache                       = true                                      {product} {ergonomic}
   size_t SoftMaxHeapSize                          = 4261412864                             {manageable} {ergonomic}
     bool UseCompressedClassPointers               = true                                 {lp64_product} {ergonomic}
     bool UseCompressedOops                        = true                                 {lp64_product} {ergonomic}
     bool UseG1GC                                  = true                                      {product} {ergonomic}
     bool UseLargePagesIndividualAllocation        = false                                  {pd product} {ergonomic}

Logging:
Log output configuration:
 #0: stdout all=warning uptime,level,tags
 #1: stderr all=off uptime,level,tags

Environment Variables:
JAVA_HOME=C:\Program Files\Java\jdk-16
PATH=C:\Python39\Scripts\;C:\Python39\;C:\Program Files\Common Files\Oracle\Java\javapath;D:\jdk\bin;C:\Windows;C:\Windows\System32\Wbem;C:\Windows\System32\WindowsPowerShell\v1.0\;C:\Windows\System32\OpenSSH\;C:\Program Files\NVIDIA Corporation\NVIDIA NvDLISR;C:\Program Files (x86)\NVIDIA Corporation\PhysX\Common;C:\Program Files\dotnet\;C:\Program Files\PuTTY\;C:\Program Files\Microsoft SQL Server\Client SDK\ODBC\170\Tools\Binn\;C:\Program Files (x86)\Microsoft SQL Server\150\Tools\Binn\;C:\Program Files\Microsoft SQL Server\150\Tools\Binn\;C:\Program Files\Microsoft SQL Server\150\DTS\Binn\;C:\Program Files (x86)\Microsoft SQL Server\150\DTS\Binn\;C:\Program Files\Azure Data Studio\bin;C:\Program Files\Git\cmd;C:\Program Files\nodejs\;C:\ProgramData\chocolatey\bin;C:\Users\user\AppData\Local\Microsoft\WindowsApps;C:\Users\user\.dotnet\tools;C:\Program Files\Azure Data Studio\bin;C:\Users\user\AppData\Roaming\npm
USERNAME=user
OS=Windows_NT
PROCESSOR_IDENTIFIER=Intel64 Family 6 Model 158 Stepping 9, GenuineIntel



---------------  S Y S T E M  ---------------

OS:
 Windows 10 , 64 bit Build 19041 (10.0.19041.928)
OS uptime: 0 days 13:33 hours

CPU: total 8 (initial active 8) (4 cores per cpu, 2 threads per core) family 6 model 158 stepping 9, cmov, cx8, fxsr, mmx, sse, sse2, sse3, ssse3, sse4.1, sse4.2, popcnt, vzeroupper, avx, avx2, aes, clmul, erms, rtm, 3dnowpref, lzcnt, ht, tsc, tscinvbit, bmi1, bmi2, adx, fma, clflush, clflushopt

Memory: 4k page, system-wide physical 16252M (9174M free)
TotalPageFile size 32636M (AvailPageFile size 22390M)
current process WorkingSet (physical memory assigned to process): 399M, peak: 435M
current process commit charge ("private bytes"): 550M, peak: 588M

vm_info: OpenJDK 64-Bit Server VM (15+36-1562) for windows-amd64 JRE (15+36-1562), built on Aug 11 2020 22:33:04 by "mach5one" with unknown MS VC++:1925

END.
