#
# A fatal error has been detected by the Java Runtime Environment:
#
#  EXCEPTION_ACCESS_VIOLATION (0xc0000005) at pc=0x00007ffa7c37e931, pid=11560, tid=2488
#
# JRE version: OpenJDK Runtime Environment (15.0+36) (build 15+36-1562)
# Java VM: OpenJDK 64-Bit Server VM (15+36-1562, mixed mode, sharing, tiered, compressed oops, g1 gc, windows-amd64)
# Problematic frame:
# V  [jvm.dll+0x7ae931]
#
# No core dump will be written. Minidumps are not enabled by default on client versions of Windows
#
# If you would like to submit a bug report, please visit:
#   https://bugreport.java.com/bugreport/crash.jsp
#

---------------  S U M M A R Y ------------

Command Line: -javaagent:C:\Program Files\JetBrains\IntelliJ IDEA Educational Edition 2020.2.2\lib\idea_rt.jar=57428:C:\Program Files\JetBrains\IntelliJ IDEA Educational Edition 2020.2.2\bin -Dfile.encoding=UTF-8 JavaConnect2SQL

Host: Intel(R) Core(TM) i7-7700K CPU @ 4.20GHz, 8 cores, 15G,  Windows 10 , 64 bit Build 19041 (10.0.19041.928)
Time: Tue May 25 22:58:58 2021 Central European Daylight Time elapsed time: 58.700259 seconds (0d 0h 0m 58s)

---------------  T H R E A D  ---------------

Current thread (0x00000284b28d40d0):  JavaThread "C1 CompilerThread0" daemon [_thread_in_vm, id=2488, stack(0x000000d26a200000,0x000000d26a300000)]


Current CompileTask:
C1:  58700 2920       3       java.net.URLStreamHandler::parseURL (1201 bytes)

Stack: [0x000000d26a200000,0x000000d26a300000],  sp=0x000000d26a2feda0,  free space=1019k
Native frames: (J=compiled Java code, j=interpreted, Vv=VM code, C=native code)
V  [jvm.dll+0x7ae931]
V  [jvm.dll+0x7add82]
V  [jvm.dll+0x1fcc0a]
V  [jvm.dll+0x1f4d0b]
V  [jvm.dll+0x1f6a0c]
V  [jvm.dll+0x74384d]
V  [jvm.dll+0x73c64a]
V  [jvm.dll+0x628d16]
C  [ucrtbase.dll+0x21bb2]
C  [KERNEL32.DLL+0x17034]
C  [ntdll.dll+0x52651]


siginfo: EXCEPTION_ACCESS_VIOLATION (0xc0000005), reading address 0x0000000000000001


Register to memory mapping:

RIP=0x00007ffa7c37e931 jvm.dll
RAX=0x000000d26a2fede0 is pointing into the stack for thread: 0x00000284b28d40d0
RBX=0x000000000000a708 is an unknown value
RCX=0x0000000000000031 is an unknown value
RDX=0x0000000000000027 is an unknown value
RSP=0x000000d26a2feda0 is pointing into the stack for thread: 0x00000284b28d40d0
RBP=0x00000284b4088b50 points into unknown readable memory: 0x00000284b30c2650 | 50 26 0c b3 84 02 00 00
RSI=0x0000000000000001 is an unknown value
RDI=0x0 is NULL
R8 =0x0 is NULL
R9 =0x00007ffae6130000 ucrtbase.dll
R10=0x000000d26a2feaa4 is pointing into the stack for thread: 0x00000284b28d40d0
R11=0x000000d26a2fee0c is pointing into the stack for thread: 0x00000284b28d40d0
R12=0x00000284b28d49c8 points into unknown readable memory: 0x100204d9f13ede5e | 5e de 3e f1 d9 04 02 10
R13=0x00000000000003d8 is an unknown value
R14=0x00000284b28d45e0 points into unknown readable memory: 0x0000000000000000 | 00 00 00 00 00 00 00 00
R15=0x00000284b28d4620 points into unknown readable memory: 0x74656e2e6176616a | 6a 61 76 61 2e 6e 65 74


Registers:
RAX=0x000000d26a2fede0, RBX=0x000000000000a708, RCX=0x0000000000000031, RDX=0x0000000000000027
RSP=0x000000d26a2feda0, RBP=0x00000284b4088b50, RSI=0x0000000000000001, RDI=0x0000000000000000
R8 =0x0000000000000000, R9 =0x00007ffae6130000, R10=0x000000d26a2feaa4, R11=0x000000d26a2fee0c
R12=0x00000284b28d49c8, R13=0x00000000000003d8, R14=0x00000284b28d45e0, R15=0x00000284b28d4620
RIP=0x00007ffa7c37e931, EFLAGS=0x0000000000010202

Top of Stack: (sp=0x000000d26a2feda0)
0x000000d26a2feda0:   0000000000000001 00000284b28d45e0
0x000000d26a2fedb0:   00000284b28d4620 000002848c8fc7d0
0x000000d26a2fedc0:   000000d26a2ff200 000000d26a2fedd0
0x000000d26a2fedd0:   0000000000000031 000000d2ffffffff
0x000000d26a2fede0:   6e6f645f6b736174 7365636375732065
0x000000d26a2fedf0:   6d6e202731273d73 3234273d657a6973
0x000000d26a2fee00:   756f632027303637 33323535273d746e
0x000000d26a2fee10:   00000284b28d0027 00000284b28d4620
0x000000d26a2fee20:   0000000800000000 0000000800437b50
0x000000d26a2fee30:   0000002b00000040 00000284b34052e0
0x000000d26a2fee40:   000000000000000c 00000284b3fb78f0
0x000000d26a2fee50:   0000002000000000 000000000000002f
0x000000d26a2fee60:   000007b500000794 00009eedffffffff
0x000000d26a2fee70:   00007ffa7c3aaa70 00007ffa7c4246a0
0x000000d26a2fee80:   0000028496d0c480 0000000000000000
0x000000d26a2fee90:   0000028496d0c480 0000028496d19150 

Instructions: (pc=0x00007ffa7c37e931)
0x00007ffa7c37e831:   48 8d 15 50 98 15 00 41 b8 03 00 00 00 49 8b ce
0x00007ffa7c37e841:   ff 50 08 41 c7 46 48 00 00 00 00 48 81 fd c8 00
0x00007ffa7c37e851:   00 00 0f 83 8b 00 00 00 49 8b 06 48 8d 54 24 40
0x00007ffa7c37e861:   49 8b ce c6 44 2c 40 00 ff 50 28 49 8b 06 48 8d
0x00007ffa7c37e871:   15 1a 98 15 00 41 b8 02 00 00 00 49 8b ce ff 50
0x00007ffa7c37e881:   08 49 8b 06 48 8d 4c 24 40 66 0f 1f 44 00 00 48
0x00007ffa7c37e891:   ff c7 80 3c 39 00 75 f7 4c 8b c7 48 8d 54 24 40
0x00007ffa7c37e8a1:   49 8b ce ff 50 08 49 8b 06 48 8d 15 db 97 15 00
0x00007ffa7c37e8b1:   41 b8 02 00 00 00 49 8b ce ff 50 08 48 8b 8c 24
0x00007ffa7c37e8c1:   10 09 00 00 48 33 cc e8 a3 8b 02 00 48 8b 9c 24
0x00007ffa7c37e8d1:   68 09 00 00 48 81 c4 20 09 00 00 41 5f 41 5e 5f
0x00007ffa7c37e8e1:   5e 5d c3 e8 83 8f 02 00 cc cc cc cc cc cc cc 40
0x00007ffa7c37e8f1:   53 56 57 48 81 ec 50 08 00 00 48 8b 05 d6 f4 27
0x00007ffa7c37e901:   00 48 33 c4 48 89 84 24 40 08 00 00 48 8d 44 24
0x00007ffa7c37e911:   30 0f b6 fa 48 8b f1 48 89 44 24 28 ba 00 08 00
0x00007ffa7c37e921:   00 c6 44 24 20 00 48 8d 4c 24 40 e8 cf c8 e7 ff
0x00007ffa7c37e931:   4c 8b 0e 44 0f b6 c7 48 8b d0 48 8b ce 48 8b d8
0x00007ffa7c37e941:   41 ff 51 20 4c 8b 0e 48 8d 15 49 4d 0c 00 41 b8
0x00007ffa7c37e951:   01 00 00 00 48 8b ce 41 ff 51 08 4c 8b 0e 48 8b
0x00007ffa7c37e961:   d3 4c 8b 44 24 30 48 8b ce 41 ff 51 08 8b c7 83
0x00007ffa7c37e971:   f0 01 ff c0 89 46 48 48 8b 8c 24 40 08 00 00 48
0x00007ffa7c37e981:   33 cc e8 e8 8a 02 00 48 81 c4 50 08 00 00 5f 5e
0x00007ffa7c37e991:   5b c3 cc cc cc cc cc cc cc cc cc cc cc cc cc 48
0x00007ffa7c37e9a1:   8b 15 11 d5 31 00 48 0b 15 02 d5 31 00 48 33 15
0x00007ffa7c37e9b1:   f3 d4 31 00 48 8b c2 48 89 15 e9 d4 31 00 48 33
0x00007ffa7c37e9c1:   05 da d4 31 00 48 89 15 9b d4 31 00 48 0b 15 f4
0x00007ffa7c37e9d1:   d4 31 00 48 0b 15 e5 d4 31 00 48 33 15 be d4 31
0x00007ffa7c37e9e1:   00 48 89 15 8f d4 31 00 48 89 05 80 d4 31 00 c3
0x00007ffa7c37e9f1:   cc cc cc cc cc cc cc cc cc cc cc cc cc cc cc 48
0x00007ffa7c37ea01:   8b 0d b9 d4 31 00 48 8b 05 92 d4 31 00 48 33 c1
0x00007ffa7c37ea11:   48 89 0d 50 d4 31 00 48 89 05 51 d4 31 00 48 8b
0x00007ffa7c37ea21:   05 a2 d4 31 00 48 0b c1 48 33 05 70 d4 31 00 48 


Stack slot to memory mapping:
stack at sp + 0 slots: 0x0000000000000001 is an unknown value
stack at sp + 1 slots: 0x00000284b28d45e0 points into unknown readable memory: 0x0000000000000000 | 00 00 00 00 00 00 00 00
stack at sp + 2 slots: 0x00000284b28d4620 points into unknown readable memory: 0x74656e2e6176616a | 6a 61 76 61 2e 6e 65 74
stack at sp + 3 slots: 0x000002848c8fc7d0 points into unknown readable memory: 0x0000000000000000 | 00 00 00 00 00 00 00 00
stack at sp + 4 slots: 0x000000d26a2ff200 is pointing into the stack for thread: 0x00000284b28d40d0
stack at sp + 5 slots: 0x000000d26a2fedd0 is pointing into the stack for thread: 0x00000284b28d40d0
stack at sp + 6 slots: 0x0000000000000031 is an unknown value
stack at sp + 7 slots: 0x000000d2ffffffff is an unknown value


---------------  P R O C E S S  ---------------

Threads class SMR info:
_java_thread_list=0x00000284b3886af0, length=14, elements={
0x000002848e9f0ce0, 0x00000284b20aeba0, 0x00000284b20af680, 0x00000284b28cbf30,
0x00000284b28cc7f0, 0x00000284b28ce4c0, 0x00000284b28d36c0, 0x00000284b28d40d0,
0x00000284b28de9f0, 0x00000284b29e86b0, 0x00000284b2b06d90, 0x00000284b2b09270,
0x00000284b2b89000, 0x00000284b539e600
}

Java Threads: ( => current thread )
  0x000002848e9f0ce0 JavaThread "main" [_thread_in_native, id=10464, stack(0x000000d269500000,0x000000d269600000)]
  0x00000284b20aeba0 JavaThread "Reference Handler" daemon [_thread_blocked, id=7872, stack(0x000000d269c00000,0x000000d269d00000)]
  0x00000284b20af680 JavaThread "Finalizer" daemon [_thread_blocked, id=2776, stack(0x000000d269d00000,0x000000d269e00000)]
  0x00000284b28cbf30 JavaThread "Signal Dispatcher" daemon [_thread_blocked, id=1360, stack(0x000000d269e00000,0x000000d269f00000)]
  0x00000284b28cc7f0 JavaThread "Attach Listener" daemon [_thread_blocked, id=8852, stack(0x000000d269f00000,0x000000d26a000000)]
  0x00000284b28ce4c0 JavaThread "Service Thread" daemon [_thread_blocked, id=612, stack(0x000000d26a000000,0x000000d26a100000)]
  0x00000284b28d36c0 JavaThread "C2 CompilerThread0" daemon [_thread_blocked, id=9572, stack(0x000000d26a100000,0x000000d26a200000)]
=>0x00000284b28d40d0 JavaThread "C1 CompilerThread0" daemon [_thread_in_vm, id=2488, stack(0x000000d26a200000,0x000000d26a300000)]
  0x00000284b28de9f0 JavaThread "Sweeper thread" daemon [_thread_blocked, id=11152, stack(0x000000d26a300000,0x000000d26a400000)]
  0x00000284b29e86b0 JavaThread "Common-Cleaner" daemon [_thread_blocked, id=8984, stack(0x000000d26a400000,0x000000d26a500000)]
  0x00000284b2b06d90 JavaThread "Monitor Ctrl-Break" daemon [_thread_in_native, id=7272, stack(0x000000d26a500000,0x000000d26a600000)]
  0x00000284b2b09270 JavaThread "Notification Thread" daemon [_thread_blocked, id=7772, stack(0x000000d26a600000,0x000000d26a700000)]
  0x00000284b2b89000 JavaThread "C2 CompilerThread1" daemon [_thread_blocked, id=13268, stack(0x000000d26a800000,0x000000d26a900000)]
  0x00000284b539e600 JavaThread "C2 CompilerThread2" daemon [_thread_blocked, id=13224, stack(0x000000d26a900000,0x000000d26aa00000)]

Other Threads:
  0x00000284b20ab400 VMThread "VM Thread" [stack: 0x000000d269b00000,0x000000d269c00000] [id=368]
  0x000002848e9f1da0 WatcherThread [stack: 0x000000d26a700000,0x000000d26a800000] [id=11728]
  0x000002848ea433b0 GCTaskThread "GC Thread#0" [stack: 0x000000d269600000,0x000000d269700000] [id=6384]
  0x00000284b2a54c80 GCTaskThread "GC Thread#1" [stack: 0x000000d26aa00000,0x000000d26ab00000] [id=1620]
  0x00000284b2a53960 GCTaskThread "GC Thread#2" [stack: 0x000000d26ab00000,0x000000d26ac00000] [id=12564]
  0x00000284b2a552e0 GCTaskThread "GC Thread#3" [stack: 0x000000d26ac00000,0x000000d26ad00000] [id=6016]
  0x00000284b2a53630 GCTaskThread "GC Thread#4" [stack: 0x000000d26ad00000,0x000000d26ae00000] [id=6440]
  0x00000284b2a54950 GCTaskThread "GC Thread#5" [stack: 0x000000d26ae00000,0x000000d26af00000] [id=11128]
  0x00000284b2a55940 GCTaskThread "GC Thread#6" [stack: 0x000000d26af00000,0x000000d26b000000] [id=7728]
  0x00000284b2a55fa0 GCTaskThread "GC Thread#7" [stack: 0x000000d26b000000,0x000000d26b100000] [id=4836]
  0x000002848ea54390 ConcurrentGCThread "G1 Main Marker" [stack: 0x000000d269700000,0x000000d269800000] [id=2812]
  0x000002848ea556b0 ConcurrentGCThread "G1 Conc#0" [stack: 0x000000d269800000,0x000000d269900000] [id=216]
  0x00000284b1f220c0 ConcurrentGCThread "G1 Refine#0" [stack: 0x000000d269900000,0x000000d269a00000] [id=9716]
  0x00000284b1f22990 ConcurrentGCThread "G1 Young RemSet Sampling" [stack: 0x000000d269a00000,0x000000d269b00000] [id=2620]

Threads with active compile tasks:
C1 CompilerThread0    58775 2920       3       java.net.URLStreamHandler::parseURL (1201 bytes)

VM state: not at safepoint (normal execution)

VM Mutex/Monitor currently owned by a thread: None

Heap address: 0x0000000702000000, size: 4064 MB, Compressed Oops mode: Zero based, Oop shift amount: 3
CDS archive(s) mapped at: [0x0000000800000000-0x0000000800b50000-0x0000000800b50000), size 11862016, SharedBaseAddress: 0x0000000800000000, ArchiveRelocationMode: 0.
Compressed class space mapped at: 0x0000000800b50000-0x0000000840b50000, size: 1073741824
Narrow klass base: 0x0000000800000000, Narrow klass shift: 3, Narrow klass range: 0x100000000

GC Precious Log:
 CPUs: 8 total, 8 available
 Memory: 16252M
 Large Page Support: Disabled
 NUMA Support: Disabled
 Compressed Oops: Enabled (Zero based)
 Heap Region Size: 2M
 Heap Min Capacity: 8M
 Heap Initial Capacity: 254M
 Heap Max Capacity: 4064M
 Pre-touch: Disabled
 Parallel Workers: 8
 Concurrent Workers: 2
 Concurrent Refinement Workers: 8
 Periodic GC: Disabled

Heap:
 garbage-first heap   total 452608K, used 138180K [0x0000000702000000, 0x0000000800000000)
  region size 2048K, 66 young (135168K), 2 survivors (4096K)
 Metaspace       used 11156K, capacity 11376K, committed 11520K, reserved 1058816K
  class space    used 1101K, capacity 1182K, committed 1280K, reserved 1048576K

Heap Regions: E=young(eden), S=young(survivor), O=old, HS=humongous(starts), HC=humongous(continues), CS=collection set, F=free, OA=open archive, CA=closed archive, TAMS=top-at-mark-start (previous, next)
|   0|0x0000000702000000, 0x0000000702200000, 0x0000000702200000|100%| O|  |TAMS 0x0000000702000000, 0x0000000702000000| Untracked 
|   1|0x0000000702200000, 0x0000000702400000, 0x0000000702400000|100%| O|  |TAMS 0x0000000702200000, 0x0000000702200000| Untracked 
|   2|0x0000000702400000, 0x0000000702600000, 0x0000000702600000|100%| O|  |TAMS 0x0000000702400000, 0x0000000702400000| Untracked 
|   3|0x0000000702600000, 0x0000000702605400, 0x0000000702800000|  1%| O|  |TAMS 0x0000000702600000, 0x0000000702600000| Untracked 
|   4|0x0000000702800000, 0x0000000702800000, 0x0000000702a00000|  0%| F|  |TAMS 0x0000000702800000, 0x0000000702800000| Untracked 
|   5|0x0000000702a00000, 0x0000000702a00000, 0x0000000702c00000|  0%| F|  |TAMS 0x0000000702a00000, 0x0000000702a00000| Untracked 
|   6|0x0000000702c00000, 0x0000000702c00000, 0x0000000702e00000|  0%| F|  |TAMS 0x0000000702c00000, 0x0000000702c00000| Untracked 
|   7|0x0000000702e00000, 0x0000000702e00000, 0x0000000703000000|  0%| F|  |TAMS 0x0000000702e00000, 0x0000000702e00000| Untracked 
|   8|0x0000000703000000, 0x0000000703000000, 0x0000000703200000|  0%| F|  |TAMS 0x0000000703000000, 0x0000000703000000| Untracked 
|   9|0x0000000703200000, 0x0000000703200000, 0x0000000703400000|  0%| F|  |TAMS 0x0000000703200000, 0x0000000703200000| Untracked 
|  10|0x0000000703400000, 0x0000000703400000, 0x0000000703600000|  0%| F|  |TAMS 0x0000000703400000, 0x0000000703400000| Untracked 
|  11|0x0000000703600000, 0x0000000703600000, 0x0000000703800000|  0%| F|  |TAMS 0x0000000703600000, 0x0000000703600000| Untracked 
|  12|0x0000000703800000, 0x0000000703800000, 0x0000000703a00000|  0%| F|  |TAMS 0x0000000703800000, 0x0000000703800000| Untracked 
|  13|0x0000000703a00000, 0x0000000703a00000, 0x0000000703c00000|  0%| F|  |TAMS 0x0000000703a00000, 0x0000000703a00000| Untracked 
|  14|0x0000000703c00000, 0x0000000703c00000, 0x0000000703e00000|  0%| F|  |TAMS 0x0000000703c00000, 0x0000000703c00000| Untracked 
|  15|0x0000000703e00000, 0x0000000703e00000, 0x0000000704000000|  0%| F|  |TAMS 0x0000000703e00000, 0x0000000703e00000| Untracked 
|  16|0x0000000704000000, 0x0000000704000000, 0x0000000704200000|  0%| F|  |TAMS 0x0000000704000000, 0x0000000704000000| Untracked 
|  17|0x0000000704200000, 0x0000000704200000, 0x0000000704400000|  0%| F|  |TAMS 0x0000000704200000, 0x0000000704200000| Untracked 
|  18|0x0000000704400000, 0x0000000704400000, 0x0000000704600000|  0%| F|  |TAMS 0x0000000704400000, 0x0000000704400000| Untracked 
|  19|0x0000000704600000, 0x0000000704600000, 0x0000000704800000|  0%| F|  |TAMS 0x0000000704600000, 0x0000000704600000| Untracked 
|  20|0x0000000704800000, 0x0000000704800000, 0x0000000704a00000|  0%| F|  |TAMS 0x0000000704800000, 0x0000000704800000| Untracked 
|  21|0x0000000704a00000, 0x0000000704a00000, 0x0000000704c00000|  0%| F|  |TAMS 0x0000000704a00000, 0x0000000704a00000| Untracked 
|  22|0x0000000704c00000, 0x0000000704c00000, 0x0000000704e00000|  0%| F|  |TAMS 0x0000000704c00000, 0x0000000704c00000| Untracked 
|  23|0x0000000704e00000, 0x0000000704e00000, 0x0000000705000000|  0%| F|  |TAMS 0x0000000704e00000, 0x0000000704e00000| Untracked 
|  24|0x0000000705000000, 0x0000000705000000, 0x0000000705200000|  0%| F|  |TAMS 0x0000000705000000, 0x0000000705000000| Untracked 
|  25|0x0000000705200000, 0x0000000705200000, 0x0000000705400000|  0%| F|  |TAMS 0x0000000705200000, 0x0000000705200000| Untracked 
|  26|0x0000000705400000, 0x0000000705400000, 0x0000000705600000|  0%| F|  |TAMS 0x0000000705400000, 0x0000000705400000| Untracked 
|  27|0x0000000705600000, 0x0000000705600000, 0x0000000705800000|  0%| F|  |TAMS 0x0000000705600000, 0x0000000705600000| Untracked 
|  28|0x0000000705800000, 0x0000000705800000, 0x0000000705a00000|  0%| F|  |TAMS 0x0000000705800000, 0x0000000705800000| Untracked 
|  29|0x0000000705a00000, 0x0000000705a00000, 0x0000000705c00000|  0%| F|  |TAMS 0x0000000705a00000, 0x0000000705a00000| Untracked 
|  30|0x0000000705c00000, 0x0000000705c00000, 0x0000000705e00000|  0%| F|  |TAMS 0x0000000705c00000, 0x0000000705c00000| Untracked 
|  31|0x0000000705e00000, 0x0000000705e00000, 0x0000000706000000|  0%| F|  |TAMS 0x0000000705e00000, 0x0000000705e00000| Untracked 
|  32|0x0000000706000000, 0x0000000706000000, 0x0000000706200000|  0%| F|  |TAMS 0x0000000706000000, 0x0000000706000000| Untracked 
|  33|0x0000000706200000, 0x0000000706200000, 0x0000000706400000|  0%| F|  |TAMS 0x0000000706200000, 0x0000000706200000| Untracked 
|  34|0x0000000706400000, 0x0000000706400000, 0x0000000706600000|  0%| F|  |TAMS 0x0000000706400000, 0x0000000706400000| Untracked 
|  35|0x0000000706600000, 0x0000000706600000, 0x0000000706800000|  0%| F|  |TAMS 0x0000000706600000, 0x0000000706600000| Untracked 
|  36|0x0000000706800000, 0x0000000706800000, 0x0000000706a00000|  0%| F|  |TAMS 0x0000000706800000, 0x0000000706800000| Untracked 
|  37|0x0000000706a00000, 0x0000000706a00000, 0x0000000706c00000|  0%| F|  |TAMS 0x0000000706a00000, 0x0000000706a00000| Untracked 
|  38|0x0000000706c00000, 0x0000000706c00000, 0x0000000706e00000|  0%| F|  |TAMS 0x0000000706c00000, 0x0000000706c00000| Untracked 
|  39|0x0000000706e00000, 0x0000000706e00000, 0x0000000707000000|  0%| F|  |TAMS 0x0000000706e00000, 0x0000000706e00000| Untracked 
|  40|0x0000000707000000, 0x0000000707000000, 0x0000000707200000|  0%| F|  |TAMS 0x0000000707000000, 0x0000000707000000| Untracked 
|  41|0x0000000707200000, 0x0000000707200000, 0x0000000707400000|  0%| F|  |TAMS 0x0000000707200000, 0x0000000707200000| Untracked 
|  42|0x0000000707400000, 0x0000000707400000, 0x0000000707600000|  0%| F|  |TAMS 0x0000000707400000, 0x0000000707400000| Untracked 
|  43|0x0000000707600000, 0x0000000707600000, 0x0000000707800000|  0%| F|  |TAMS 0x0000000707600000, 0x0000000707600000| Untracked 
|  44|0x0000000707800000, 0x0000000707800000, 0x0000000707a00000|  0%| F|  |TAMS 0x0000000707800000, 0x0000000707800000| Untracked 
|  45|0x0000000707a00000, 0x0000000707a00000, 0x0000000707c00000|  0%| F|  |TAMS 0x0000000707a00000, 0x0000000707a00000| Untracked 
|  46|0x0000000707c00000, 0x0000000707c00000, 0x0000000707e00000|  0%| F|  |TAMS 0x0000000707c00000, 0x0000000707c00000| Untracked 
|  47|0x0000000707e00000, 0x0000000707e00000, 0x0000000708000000|  0%| F|  |TAMS 0x0000000707e00000, 0x0000000707e00000| Untracked 
|  48|0x0000000708000000, 0x0000000708000000, 0x0000000708200000|  0%| F|  |TAMS 0x0000000708000000, 0x0000000708000000| Untracked 
|  49|0x0000000708200000, 0x0000000708200000, 0x0000000708400000|  0%| F|  |TAMS 0x0000000708200000, 0x0000000708200000| Untracked 
|  50|0x0000000708400000, 0x0000000708400000, 0x0000000708600000|  0%| F|  |TAMS 0x0000000708400000, 0x0000000708400000| Untracked 
|  51|0x0000000708600000, 0x0000000708600000, 0x0000000708800000|  0%| F|  |TAMS 0x0000000708600000, 0x0000000708600000| Untracked 
|  52|0x0000000708800000, 0x0000000708800000, 0x0000000708a00000|  0%| F|  |TAMS 0x0000000708800000, 0x0000000708800000| Untracked 
|  53|0x0000000708a00000, 0x0000000708a00000, 0x0000000708c00000|  0%| F|  |TAMS 0x0000000708a00000, 0x0000000708a00000| Untracked 
|  54|0x0000000708c00000, 0x0000000708c00000, 0x0000000708e00000|  0%| F|  |TAMS 0x0000000708c00000, 0x0000000708c00000| Untracked 
|  55|0x0000000708e00000, 0x0000000708e00000, 0x0000000709000000|  0%| F|  |TAMS 0x0000000708e00000, 0x0000000708e00000| Untracked 
|  56|0x0000000709000000, 0x0000000709000000, 0x0000000709200000|  0%| F|  |TAMS 0x0000000709000000, 0x0000000709000000| Untracked 
|  57|0x0000000709200000, 0x0000000709200000, 0x0000000709400000|  0%| F|  |TAMS 0x0000000709200000, 0x0000000709200000| Untracked 
|  58|0x0000000709400000, 0x0000000709400000, 0x0000000709600000|  0%| F|  |TAMS 0x0000000709400000, 0x0000000709400000| Untracked 
|  59|0x0000000709600000, 0x0000000709600000, 0x0000000709800000|  0%| F|  |TAMS 0x0000000709600000, 0x0000000709600000| Untracked 
|  60|0x0000000709800000, 0x0000000709800000, 0x0000000709a00000|  0%| F|  |TAMS 0x0000000709800000, 0x0000000709800000| Untracked 
|  61|0x0000000709a00000, 0x0000000709a00000, 0x0000000709c00000|  0%| F|  |TAMS 0x0000000709a00000, 0x0000000709a00000| Untracked 
|  62|0x0000000709c00000, 0x0000000709c00000, 0x0000000709e00000|  0%| F|  |TAMS 0x0000000709c00000, 0x0000000709c00000| Untracked 
|  63|0x0000000709e00000, 0x0000000709e00000, 0x000000070a000000|  0%| F|  |TAMS 0x0000000709e00000, 0x0000000709e00000| Untracked 
|  64|0x000000070a000000, 0x000000070a000000, 0x000000070a200000|  0%| F|  |TAMS 0x000000070a000000, 0x000000070a000000| Untracked 
|  65|0x000000070a200000, 0x000000070a200000, 0x000000070a400000|  0%| F|  |TAMS 0x000000070a200000, 0x000000070a200000| Untracked 
|  66|0x000000070a400000, 0x000000070a400000, 0x000000070a600000|  0%| F|  |TAMS 0x000000070a400000, 0x000000070a400000| Untracked 
|  67|0x000000070a600000, 0x000000070a600000, 0x000000070a800000|  0%| F|  |TAMS 0x000000070a600000, 0x000000070a600000| Untracked 
|  68|0x000000070a800000, 0x000000070a800000, 0x000000070aa00000|  0%| F|  |TAMS 0x000000070a800000, 0x000000070a800000| Untracked 
|  69|0x000000070aa00000, 0x000000070aa00000, 0x000000070ac00000|  0%| F|  |TAMS 0x000000070aa00000, 0x000000070aa00000| Untracked 
|  70|0x000000070ac00000, 0x000000070ac00000, 0x000000070ae00000|  0%| F|  |TAMS 0x000000070ac00000, 0x000000070ac00000| Untracked 
|  71|0x000000070ae00000, 0x000000070ae00000, 0x000000070b000000|  0%| F|  |TAMS 0x000000070ae00000, 0x000000070ae00000| Untracked 
|  72|0x000000070b000000, 0x000000070b000000, 0x000000070b200000|  0%| F|  |TAMS 0x000000070b000000, 0x000000070b000000| Untracked 
|  73|0x000000070b200000, 0x000000070b200000, 0x000000070b400000|  0%| F|  |TAMS 0x000000070b200000, 0x000000070b200000| Untracked 
|  74|0x000000070b400000, 0x000000070b400000, 0x000000070b600000|  0%| F|  |TAMS 0x000000070b400000, 0x000000070b400000| Untracked 
|  75|0x000000070b600000, 0x000000070b600000, 0x000000070b800000|  0%| F|  |TAMS 0x000000070b600000, 0x000000070b600000| Untracked 
|  76|0x000000070b800000, 0x000000070b800000, 0x000000070ba00000|  0%| F|  |TAMS 0x000000070b800000, 0x000000070b800000| Untracked 
|  77|0x000000070ba00000, 0x000000070ba00000, 0x000000070bc00000|  0%| F|  |TAMS 0x000000070ba00000, 0x000000070ba00000| Untracked 
|  78|0x000000070bc00000, 0x000000070bc00000, 0x000000070be00000|  0%| F|  |TAMS 0x000000070bc00000, 0x000000070bc00000| Untracked 
|  79|0x000000070be00000, 0x000000070be00000, 0x000000070c000000|  0%| F|  |TAMS 0x000000070be00000, 0x000000070be00000| Untracked 
|  80|0x000000070c000000, 0x000000070c000000, 0x000000070c200000|  0%| F|  |TAMS 0x000000070c000000, 0x000000070c000000| Untracked 
|  81|0x000000070c200000, 0x000000070c200000, 0x000000070c400000|  0%| F|  |TAMS 0x000000070c200000, 0x000000070c200000| Untracked 
|  82|0x000000070c400000, 0x000000070c400000, 0x000000070c600000|  0%| F|  |TAMS 0x000000070c400000, 0x000000070c400000| Untracked 
|  83|0x000000070c600000, 0x000000070c600000, 0x000000070c800000|  0%| F|  |TAMS 0x000000070c600000, 0x000000070c600000| Untracked 
|  84|0x000000070c800000, 0x000000070c800000, 0x000000070ca00000|  0%| F|  |TAMS 0x000000070c800000, 0x000000070c800000| Untracked 
|  85|0x000000070ca00000, 0x000000070ca00000, 0x000000070cc00000|  0%| F|  |TAMS 0x000000070ca00000, 0x000000070ca00000| Untracked 
|  86|0x000000070cc00000, 0x000000070cc00000, 0x000000070ce00000|  0%| F|  |TAMS 0x000000070cc00000, 0x000000070cc00000| Untracked 
|  87|0x000000070ce00000, 0x000000070ceebd60, 0x000000070d000000| 46%| S|CS|TAMS 0x000000070ce00000, 0x000000070ce00000| Complete 
|  88|0x000000070d000000, 0x000000070d200000, 0x000000070d200000|100%| S|CS|TAMS 0x000000070d000000, 0x000000070d000000| Complete 
|  89|0x000000070d200000, 0x000000070d200000, 0x000000070d400000|  0%| F|  |TAMS 0x000000070d200000, 0x000000070d200000| Untracked 
|  90|0x000000070d400000, 0x000000070d400000, 0x000000070d600000|  0%| F|  |TAMS 0x000000070d400000, 0x000000070d400000| Untracked 
|  91|0x000000070d600000, 0x000000070d600000, 0x000000070d800000|  0%| F|  |TAMS 0x000000070d600000, 0x000000070d600000| Untracked 
|  92|0x000000070d800000, 0x000000070d800000, 0x000000070da00000|  0%| F|  |TAMS 0x000000070d800000, 0x000000070d800000| Untracked 
|  93|0x000000070da00000, 0x000000070da00000, 0x000000070dc00000|  0%| F|  |TAMS 0x000000070da00000, 0x000000070da00000| Untracked 
|  94|0x000000070dc00000, 0x000000070dc00000, 0x000000070de00000|  0%| F|  |TAMS 0x000000070dc00000, 0x000000070dc00000| Untracked 
|  95|0x000000070de00000, 0x000000070de00000, 0x000000070e000000|  0%| F|  |TAMS 0x000000070de00000, 0x000000070de00000| Untracked 
|  96|0x000000070e000000, 0x000000070e000000, 0x000000070e200000|  0%| F|  |TAMS 0x000000070e000000, 0x000000070e000000| Untracked 
|  97|0x000000070e200000, 0x000000070e200000, 0x000000070e400000|  0%| F|  |TAMS 0x000000070e200000, 0x000000070e200000| Untracked 
|  98|0x000000070e400000, 0x000000070e400000, 0x000000070e600000|  0%| F|  |TAMS 0x000000070e400000, 0x000000070e400000| Untracked 
|  99|0x000000070e600000, 0x000000070e600000, 0x000000070e800000|  0%| F|  |TAMS 0x000000070e600000, 0x000000070e600000| Untracked 
| 100|0x000000070e800000, 0x000000070e800000, 0x000000070ea00000|  0%| F|  |TAMS 0x000000070e800000, 0x000000070e800000| Untracked 
| 101|0x000000070ea00000, 0x000000070ea00000, 0x000000070ec00000|  0%| F|  |TAMS 0x000000070ea00000, 0x000000070ea00000| Untracked 
| 102|0x000000070ec00000, 0x000000070ec00000, 0x000000070ee00000|  0%| F|  |TAMS 0x000000070ec00000, 0x000000070ec00000| Untracked 
| 103|0x000000070ee00000, 0x000000070ee00000, 0x000000070f000000|  0%| F|  |TAMS 0x000000070ee00000, 0x000000070ee00000| Untracked 
| 104|0x000000070f000000, 0x000000070f000000, 0x000000070f200000|  0%| F|  |TAMS 0x000000070f000000, 0x000000070f000000| Untracked 
| 105|0x000000070f200000, 0x000000070f200000, 0x000000070f400000|  0%| F|  |TAMS 0x000000070f200000, 0x000000070f200000| Untracked 
| 106|0x000000070f400000, 0x000000070f400000, 0x000000070f600000|  0%| F|  |TAMS 0x000000070f400000, 0x000000070f400000| Untracked 
| 107|0x000000070f600000, 0x000000070f600000, 0x000000070f800000|  0%| F|  |TAMS 0x000000070f600000, 0x000000070f600000| Untracked 
| 108|0x000000070f800000, 0x000000070f800000, 0x000000070fa00000|  0%| F|  |TAMS 0x000000070f800000, 0x000000070f800000| Untracked 
| 109|0x000000070fa00000, 0x000000070fa00000, 0x000000070fc00000|  0%| F|  |TAMS 0x000000070fa00000, 0x000000070fa00000| Untracked 
| 110|0x000000070fc00000, 0x000000070fc00000, 0x000000070fe00000|  0%| F|  |TAMS 0x000000070fc00000, 0x000000070fc00000| Untracked 
| 111|0x000000070fe00000, 0x000000070fe00000, 0x0000000710000000|  0%| F|  |TAMS 0x000000070fe00000, 0x000000070fe00000| Untracked 
| 112|0x0000000710000000, 0x0000000710000000, 0x0000000710200000|  0%| F|  |TAMS 0x0000000710000000, 0x0000000710000000| Untracked 
| 113|0x0000000710200000, 0x0000000710200000, 0x0000000710400000|  0%| F|  |TAMS 0x0000000710200000, 0x0000000710200000| Untracked 
| 114|0x0000000710400000, 0x0000000710400000, 0x0000000710600000|  0%| F|  |TAMS 0x0000000710400000, 0x0000000710400000| Untracked 
| 115|0x0000000710600000, 0x0000000710600000, 0x0000000710800000|  0%| F|  |TAMS 0x0000000710600000, 0x0000000710600000| Untracked 
| 116|0x0000000710800000, 0x0000000710800000, 0x0000000710a00000|  0%| F|  |TAMS 0x0000000710800000, 0x0000000710800000| Untracked 
| 117|0x0000000710a00000, 0x0000000710a00000, 0x0000000710c00000|  0%| F|  |TAMS 0x0000000710a00000, 0x0000000710a00000| Untracked 
| 118|0x0000000710c00000, 0x0000000710c00000, 0x0000000710e00000|  0%| F|  |TAMS 0x0000000710c00000, 0x0000000710c00000| Untracked 
| 119|0x0000000710e00000, 0x0000000710e00000, 0x0000000711000000|  0%| F|  |TAMS 0x0000000710e00000, 0x0000000710e00000| Untracked 
| 120|0x0000000711000000, 0x0000000711000000, 0x0000000711200000|  0%| F|  |TAMS 0x0000000711000000, 0x0000000711000000| Untracked 
| 121|0x0000000711200000, 0x0000000711200000, 0x0000000711400000|  0%| F|  |TAMS 0x0000000711200000, 0x0000000711200000| Untracked 
| 122|0x0000000711400000, 0x0000000711400000, 0x0000000711600000|  0%| F|  |TAMS 0x0000000711400000, 0x0000000711400000| Untracked 
| 123|0x0000000711600000, 0x0000000711600000, 0x0000000711800000|  0%| F|  |TAMS 0x0000000711600000, 0x0000000711600000| Untracked 
| 124|0x0000000711800000, 0x0000000711800000, 0x0000000711a00000|  0%| F|  |TAMS 0x0000000711800000, 0x0000000711800000| Untracked 
| 125|0x0000000711a00000, 0x0000000711a00000, 0x0000000711c00000|  0%| F|  |TAMS 0x0000000711a00000, 0x0000000711a00000| Untracked 
| 126|0x0000000711c00000, 0x0000000711c00000, 0x0000000711e00000|  0%| F|  |TAMS 0x0000000711c00000, 0x0000000711c00000| Untracked 
| 127|0x0000000711e00000, 0x0000000711e00000, 0x0000000712000000|  0%| F|  |TAMS 0x0000000711e00000, 0x0000000711e00000| Untracked 
| 128|0x0000000712000000, 0x0000000712000000, 0x0000000712200000|  0%| F|  |TAMS 0x0000000712000000, 0x0000000712000000| Untracked 
| 129|0x0000000712200000, 0x0000000712200000, 0x0000000712400000|  0%| F|  |TAMS 0x0000000712200000, 0x0000000712200000| Untracked 
| 130|0x0000000712400000, 0x0000000712400000, 0x0000000712600000|  0%| F|  |TAMS 0x0000000712400000, 0x0000000712400000| Untracked 
| 131|0x0000000712600000, 0x0000000712600000, 0x0000000712800000|  0%| F|  |TAMS 0x0000000712600000, 0x0000000712600000| Untracked 
| 132|0x0000000712800000, 0x0000000712800000, 0x0000000712a00000|  0%| F|  |TAMS 0x0000000712800000, 0x0000000712800000| Untracked 
| 133|0x0000000712a00000, 0x0000000712a00000, 0x0000000712c00000|  0%| F|  |TAMS 0x0000000712a00000, 0x0000000712a00000| Untracked 
| 134|0x0000000712c00000, 0x0000000712c00000, 0x0000000712e00000|  0%| F|  |TAMS 0x0000000712c00000, 0x0000000712c00000| Untracked 
| 135|0x0000000712e00000, 0x0000000712e00000, 0x0000000713000000|  0%| F|  |TAMS 0x0000000712e00000, 0x0000000712e00000| Untracked 
| 136|0x0000000713000000, 0x0000000713000000, 0x0000000713200000|  0%| F|  |TAMS 0x0000000713000000, 0x0000000713000000| Untracked 
| 137|0x0000000713200000, 0x0000000713200000, 0x0000000713400000|  0%| F|  |TAMS 0x0000000713200000, 0x0000000713200000| Untracked 
| 138|0x0000000713400000, 0x0000000713400000, 0x0000000713600000|  0%| F|  |TAMS 0x0000000713400000, 0x0000000713400000| Untracked 
| 139|0x0000000713600000, 0x0000000713600000, 0x0000000713800000|  0%| F|  |TAMS 0x0000000713600000, 0x0000000713600000| Untracked 
| 140|0x0000000713800000, 0x0000000713800000, 0x0000000713a00000|  0%| F|  |TAMS 0x0000000713800000, 0x0000000713800000| Untracked 
| 141|0x0000000713a00000, 0x0000000713a00000, 0x0000000713c00000|  0%| F|  |TAMS 0x0000000713a00000, 0x0000000713a00000| Untracked 
| 142|0x0000000713c00000, 0x0000000713c00000, 0x0000000713e00000|  0%| F|  |TAMS 0x0000000713c00000, 0x0000000713c00000| Untracked 
| 143|0x0000000713e00000, 0x0000000713e00000, 0x0000000714000000|  0%| F|  |TAMS 0x0000000713e00000, 0x0000000713e00000| Untracked 
| 144|0x0000000714000000, 0x0000000714000000, 0x0000000714200000|  0%| F|  |TAMS 0x0000000714000000, 0x0000000714000000| Untracked 
| 145|0x0000000714200000, 0x0000000714200000, 0x0000000714400000|  0%| F|  |TAMS 0x0000000714200000, 0x0000000714200000| Untracked 
| 146|0x0000000714400000, 0x0000000714400000, 0x0000000714600000|  0%| F|  |TAMS 0x0000000714400000, 0x0000000714400000| Untracked 
| 147|0x0000000714600000, 0x0000000714600000, 0x0000000714800000|  0%| F|  |TAMS 0x0000000714600000, 0x0000000714600000| Untracked 
| 148|0x0000000714800000, 0x0000000714800000, 0x0000000714a00000|  0%| F|  |TAMS 0x0000000714800000, 0x0000000714800000| Untracked 
| 149|0x0000000714a00000, 0x0000000714a00000, 0x0000000714c00000|  0%| F|  |TAMS 0x0000000714a00000, 0x0000000714a00000| Untracked 
| 150|0x0000000714c00000, 0x0000000714c00000, 0x0000000714e00000|  0%| F|  |TAMS 0x0000000714c00000, 0x0000000714c00000| Untracked 
| 151|0x0000000714e00000, 0x0000000714e00000, 0x0000000715000000|  0%| F|  |TAMS 0x0000000714e00000, 0x0000000714e00000| Untracked 
| 152|0x0000000715000000, 0x0000000715000000, 0x0000000715200000|  0%| F|  |TAMS 0x0000000715000000, 0x0000000715000000| Untracked 
| 153|0x0000000715200000, 0x0000000715200000, 0x0000000715400000|  0%| F|  |TAMS 0x0000000715200000, 0x0000000715200000| Untracked 
| 154|0x0000000715400000, 0x0000000715400000, 0x0000000715600000|  0%| F|  |TAMS 0x0000000715400000, 0x0000000715400000| Untracked 
| 155|0x0000000715600000, 0x0000000715600000, 0x0000000715800000|  0%| F|  |TAMS 0x0000000715600000, 0x0000000715600000| Untracked 
| 156|0x0000000715800000, 0x0000000715800000, 0x0000000715a00000|  0%| F|  |TAMS 0x0000000715800000, 0x0000000715800000| Untracked 
| 157|0x0000000715a00000, 0x0000000715c00000, 0x0000000715c00000|100%| E|  |TAMS 0x0000000715a00000, 0x0000000715a00000| Complete 
| 158|0x0000000715c00000, 0x0000000715e00000, 0x0000000715e00000|100%| E|CS|TAMS 0x0000000715c00000, 0x0000000715c00000| Complete 
| 159|0x0000000715e00000, 0x0000000716000000, 0x0000000716000000|100%| E|CS|TAMS 0x0000000715e00000, 0x0000000715e00000| Complete 
| 160|0x0000000716000000, 0x0000000716200000, 0x0000000716200000|100%| E|CS|TAMS 0x0000000716000000, 0x0000000716000000| Complete 
| 161|0x0000000716200000, 0x0000000716400000, 0x0000000716400000|100%| E|CS|TAMS 0x0000000716200000, 0x0000000716200000| Complete 
| 162|0x0000000716400000, 0x0000000716600000, 0x0000000716600000|100%| E|CS|TAMS 0x0000000716400000, 0x0000000716400000| Complete 
| 163|0x0000000716600000, 0x0000000716800000, 0x0000000716800000|100%| E|CS|TAMS 0x0000000716600000, 0x0000000716600000| Complete 
| 164|0x0000000716800000, 0x0000000716a00000, 0x0000000716a00000|100%| E|CS|TAMS 0x0000000716800000, 0x0000000716800000| Complete 
| 165|0x0000000716a00000, 0x0000000716c00000, 0x0000000716c00000|100%| E|CS|TAMS 0x0000000716a00000, 0x0000000716a00000| Complete 
| 166|0x0000000716c00000, 0x0000000716e00000, 0x0000000716e00000|100%| E|CS|TAMS 0x0000000716c00000, 0x0000000716c00000| Complete 
| 167|0x0000000716e00000, 0x0000000717000000, 0x0000000717000000|100%| E|CS|TAMS 0x0000000716e00000, 0x0000000716e00000| Complete 
| 168|0x0000000717000000, 0x0000000717200000, 0x0000000717200000|100%| E|CS|TAMS 0x0000000717000000, 0x0000000717000000| Complete 
| 169|0x0000000717200000, 0x0000000717400000, 0x0000000717400000|100%| E|CS|TAMS 0x0000000717200000, 0x0000000717200000| Complete 
| 170|0x0000000717400000, 0x0000000717600000, 0x0000000717600000|100%| E|CS|TAMS 0x0000000717400000, 0x0000000717400000| Complete 
| 171|0x0000000717600000, 0x0000000717800000, 0x0000000717800000|100%| E|CS|TAMS 0x0000000717600000, 0x0000000717600000| Complete 
| 172|0x0000000717800000, 0x0000000717a00000, 0x0000000717a00000|100%| E|CS|TAMS 0x0000000717800000, 0x0000000717800000| Complete 
| 173|0x0000000717a00000, 0x0000000717c00000, 0x0000000717c00000|100%| E|CS|TAMS 0x0000000717a00000, 0x0000000717a00000| Complete 
| 174|0x0000000717c00000, 0x0000000717e00000, 0x0000000717e00000|100%| E|CS|TAMS 0x0000000717c00000, 0x0000000717c00000| Complete 
| 175|0x0000000717e00000, 0x0000000718000000, 0x0000000718000000|100%| E|CS|TAMS 0x0000000717e00000, 0x0000000717e00000| Complete 
| 176|0x0000000718000000, 0x0000000718200000, 0x0000000718200000|100%| E|CS|TAMS 0x0000000718000000, 0x0000000718000000| Complete 
| 177|0x0000000718200000, 0x0000000718400000, 0x0000000718400000|100%| E|CS|TAMS 0x0000000718200000, 0x0000000718200000| Complete 
| 178|0x0000000718400000, 0x0000000718600000, 0x0000000718600000|100%| E|CS|TAMS 0x0000000718400000, 0x0000000718400000| Complete 
| 179|0x0000000718600000, 0x0000000718800000, 0x0000000718800000|100%| E|CS|TAMS 0x0000000718600000, 0x0000000718600000| Complete 
| 180|0x0000000718800000, 0x0000000718a00000, 0x0000000718a00000|100%| E|CS|TAMS 0x0000000718800000, 0x0000000718800000| Complete 
| 181|0x0000000718a00000, 0x0000000718c00000, 0x0000000718c00000|100%| E|CS|TAMS 0x0000000718a00000, 0x0000000718a00000| Complete 
| 182|0x0000000718c00000, 0x0000000718e00000, 0x0000000718e00000|100%| E|CS|TAMS 0x0000000718c00000, 0x0000000718c00000| Complete 
| 183|0x0000000718e00000, 0x0000000719000000, 0x0000000719000000|100%| E|CS|TAMS 0x0000000718e00000, 0x0000000718e00000| Complete 
| 184|0x0000000719000000, 0x0000000719200000, 0x0000000719200000|100%| E|CS|TAMS 0x0000000719000000, 0x0000000719000000| Complete 
| 185|0x0000000719200000, 0x0000000719400000, 0x0000000719400000|100%| E|CS|TAMS 0x0000000719200000, 0x0000000719200000| Complete 
| 186|0x0000000719400000, 0x0000000719600000, 0x0000000719600000|100%| E|CS|TAMS 0x0000000719400000, 0x0000000719400000| Complete 
| 187|0x0000000719600000, 0x0000000719800000, 0x0000000719800000|100%| E|CS|TAMS 0x0000000719600000, 0x0000000719600000| Complete 
| 188|0x0000000719800000, 0x0000000719a00000, 0x0000000719a00000|100%| E|CS|TAMS 0x0000000719800000, 0x0000000719800000| Complete 
| 189|0x0000000719a00000, 0x0000000719c00000, 0x0000000719c00000|100%| E|CS|TAMS 0x0000000719a00000, 0x0000000719a00000| Complete 
| 190|0x0000000719c00000, 0x0000000719e00000, 0x0000000719e00000|100%| E|CS|TAMS 0x0000000719c00000, 0x0000000719c00000| Complete 
| 191|0x0000000719e00000, 0x000000071a000000, 0x000000071a000000|100%| E|CS|TAMS 0x0000000719e00000, 0x0000000719e00000| Complete 
| 192|0x000000071a000000, 0x000000071a200000, 0x000000071a200000|100%| E|CS|TAMS 0x000000071a000000, 0x000000071a000000| Complete 
| 193|0x000000071a200000, 0x000000071a400000, 0x000000071a400000|100%| E|CS|TAMS 0x000000071a200000, 0x000000071a200000| Complete 
| 194|0x000000071a400000, 0x000000071a600000, 0x000000071a600000|100%| E|CS|TAMS 0x000000071a400000, 0x000000071a400000| Complete 
| 195|0x000000071a600000, 0x000000071a800000, 0x000000071a800000|100%| E|CS|TAMS 0x000000071a600000, 0x000000071a600000| Complete 
| 196|0x000000071a800000, 0x000000071aa00000, 0x000000071aa00000|100%| E|CS|TAMS 0x000000071a800000, 0x000000071a800000| Complete 
| 197|0x000000071aa00000, 0x000000071ac00000, 0x000000071ac00000|100%| E|CS|TAMS 0x000000071aa00000, 0x000000071aa00000| Complete 
| 198|0x000000071ac00000, 0x000000071ae00000, 0x000000071ae00000|100%| E|CS|TAMS 0x000000071ac00000, 0x000000071ac00000| Complete 
| 199|0x000000071ae00000, 0x000000071b000000, 0x000000071b000000|100%| E|CS|TAMS 0x000000071ae00000, 0x000000071ae00000| Complete 
| 200|0x000000071b000000, 0x000000071b200000, 0x000000071b200000|100%| E|CS|TAMS 0x000000071b000000, 0x000000071b000000| Complete 
| 201|0x000000071b200000, 0x000000071b400000, 0x000000071b400000|100%| E|CS|TAMS 0x000000071b200000, 0x000000071b200000| Complete 
| 202|0x000000071b400000, 0x000000071b600000, 0x000000071b600000|100%| E|CS|TAMS 0x000000071b400000, 0x000000071b400000| Complete 
| 203|0x000000071b600000, 0x000000071b800000, 0x000000071b800000|100%| E|CS|TAMS 0x000000071b600000, 0x000000071b600000| Complete 
| 204|0x000000071b800000, 0x000000071ba00000, 0x000000071ba00000|100%| E|CS|TAMS 0x000000071b800000, 0x000000071b800000| Complete 
| 205|0x000000071ba00000, 0x000000071bc00000, 0x000000071bc00000|100%| E|CS|TAMS 0x000000071ba00000, 0x000000071ba00000| Complete 
| 206|0x000000071bc00000, 0x000000071be00000, 0x000000071be00000|100%| E|CS|TAMS 0x000000071bc00000, 0x000000071bc00000| Complete 
| 207|0x000000071be00000, 0x000000071c000000, 0x000000071c000000|100%| E|CS|TAMS 0x000000071be00000, 0x000000071be00000| Complete 
| 208|0x000000071c000000, 0x000000071c200000, 0x000000071c200000|100%| E|CS|TAMS 0x000000071c000000, 0x000000071c000000| Complete 
| 209|0x000000071c200000, 0x000000071c400000, 0x000000071c400000|100%| E|CS|TAMS 0x000000071c200000, 0x000000071c200000| Complete 
| 210|0x000000071c400000, 0x000000071c600000, 0x000000071c600000|100%| E|CS|TAMS 0x000000071c400000, 0x000000071c400000| Complete 
| 211|0x000000071c600000, 0x000000071c800000, 0x000000071c800000|100%| E|CS|TAMS 0x000000071c600000, 0x000000071c600000| Complete 
| 212|0x000000071c800000, 0x000000071ca00000, 0x000000071ca00000|100%| E|CS|TAMS 0x000000071c800000, 0x000000071c800000| Complete 
| 213|0x000000071ca00000, 0x000000071cc00000, 0x000000071cc00000|100%| E|CS|TAMS 0x000000071ca00000, 0x000000071ca00000| Complete 
| 214|0x000000071cc00000, 0x000000071ce00000, 0x000000071ce00000|100%| E|CS|TAMS 0x000000071cc00000, 0x000000071cc00000| Complete 
| 215|0x000000071ce00000, 0x000000071d000000, 0x000000071d000000|100%| E|CS|TAMS 0x000000071ce00000, 0x000000071ce00000| Complete 
| 216|0x000000071d000000, 0x000000071d200000, 0x000000071d200000|100%| E|CS|TAMS 0x000000071d000000, 0x000000071d000000| Complete 
| 217|0x000000071d200000, 0x000000071d400000, 0x000000071d400000|100%| E|CS|TAMS 0x000000071d200000, 0x000000071d200000| Complete 
| 218|0x000000071d400000, 0x000000071d600000, 0x000000071d600000|100%| E|CS|TAMS 0x000000071d400000, 0x000000071d400000| Complete 
| 219|0x000000071d600000, 0x000000071d800000, 0x000000071d800000|100%| E|CS|TAMS 0x000000071d600000, 0x000000071d600000| Complete 
| 220|0x000000071d800000, 0x000000071da00000, 0x000000071da00000|100%| E|CS|TAMS 0x000000071d800000, 0x000000071d800000| Complete 

Card table byte_map: [0x00000284a6750000,0x00000284a6f40000] _byte_map_base: 0x00000284a2f40000

Marking Bits (Prev, Next): (CMBitMap*) 0x000002848ea43b30, (CMBitMap*) 0x000002848ea43b70
 Prev Bits: [0x00000284a7730000, 0x00000284ab6b0000)
 Next Bits: [0x00000284ab6b0000, 0x00000284af630000)

Polling page: 0x000002848c8d0000

Metaspace:

Usage:
  Non-class:      9.96 MB capacity,     9.82 MB ( 99%) used,   121.58 KB (  1%) free+waste,    16.50 KB ( <1%) overhead. 
      Class:      1.15 MB capacity,     1.08 MB ( 93%) used,    74.38 KB (  6%) free+waste,     6.56 KB ( <1%) overhead. 
       Both:     11.11 MB capacity,    10.90 MB ( 98%) used,   195.95 KB (  2%) free+waste,    23.06 KB ( <1%) overhead. 

Virtual space:
  Non-class space:       10.00 MB reserved,      10.00 MB (100%) committed 
      Class space:        1.00 GB reserved,       1.25 MB ( <1%) committed 
             Both:        1.01 GB reserved,      11.25 MB (  1%) committed 

Chunk freelists:
   Non-Class:  46.00 KB
       Class:  2.00 KB
        Both:  48.00 KB

MaxMetaspaceSize: 17179869184.00 GB
CompressedClassSpaceSize: 1.00 GB

CodeHeap 'non-profiled nmethods': size=120000Kb used=2277Kb max_used=2730Kb free=117722Kb
 bounds [0x000002849e6f0000, 0x000002849e9a0000, 0x00000284a5c20000]
CodeHeap 'profiled nmethods': size=120000Kb used=3008Kb max_used=4715Kb free=116991Kb
 bounds [0x00000284971c0000, 0x0000028497660000, 0x000002849e6f0000]
CodeHeap 'non-nmethods': size=5760Kb used=1219Kb max_used=1261Kb free=4540Kb
 bounds [0x0000028496c20000, 0x0000028496e90000, 0x00000284971c0000]
 total_blobs=2535 nmethods=2053 adapters=394
 compilation: enabled
              stopped_count=0, restarted_count=0
 full_count=0

Compilation events (20 events):
Event: 58.660 Thread 0x00000284b28d40d0 2904       3       jdk.internal.org.objectweb.asm.MethodWriter::visitTypeInsn (116 bytes)
Event: 58.660 Thread 0x00000284b28d40d0 nmethod 2904 0x0000028497594810 code [0x0000028497594a00, 0x0000028497594e08]
Event: 58.660 Thread 0x00000284b28d40d0 2905       3       jdk.internal.org.objectweb.asm.Frame::push (59 bytes)
Event: 58.661 Thread 0x00000284b28d40d0 nmethod 2905 0x000002849733ea10 code [0x000002849733ec40, 0x000002849733f398]
Event: 58.661 Thread 0x00000284b28d40d0 2906       3       java.lang.invoke.InvokerBytecodeGenerator::emitStoreResult (27 bytes)
Event: 58.661 Thread 0x00000284b28d40d0 nmethod 2906 0x0000028497264690 code [0x0000028497264840, 0x0000028497264a28]
Event: 58.661 Thread 0x00000284b28d40d0 2909       3       java.lang.invoke.MemberName$Factory::resolveOrFail (53 bytes)
Event: 58.661 Thread 0x00000284b539e600 2911       4       java.util.ImmutableCollections$ListN::size (6 bytes)
Event: 58.662 Thread 0x00000284b28d40d0 nmethod 2909 0x00000284973b0d10 code [0x00000284973b0f20, 0x00000284973b1618]
Event: 58.662 Thread 0x00000284b28d40d0 2914       3       java.lang.invoke.LambdaForm::useCount (90 bytes)
Event: 58.662 Thread 0x00000284b539e600 nmethod 2911 0x000002849e7d0a90 code [0x000002849e7d0c00, 0x000002849e7d0c78]
Event: 58.663 Thread 0x00000284b28d40d0 nmethod 2914 0x00000284971e3810 code [0x00000284971e39e0, 0x00000284971e3d98]
Event: 58.663 Thread 0x00000284b28d40d0 2913       3       java.lang.reflect.Modifier::isPrivate (12 bytes)
Event: 58.663 Thread 0x00000284b28d40d0 nmethod 2913 0x00000284974dbe10 code [0x00000284974dbfa0, 0x00000284974dc0d8]
Event: 58.663 Thread 0x00000284b28d40d0 2907       3       java.lang.invoke.LambdaForm$NamedFunction::member (26 bytes)
Event: 58.663 Thread 0x00000284b28d40d0 nmethod 2907 0x00000284971e3490 code [0x00000284971e3620, 0x00000284971e3738]
Event: 58.663 Thread 0x00000284b28d40d0 2908       3       java.lang.invoke.InvokerBytecodeGenerator::isStaticallyInvocable (174 bytes)
Event: 58.666 Thread 0x00000284b28d40d0 nmethod 2908 0x0000028497494310 code [0x00000284974947e0, 0x0000028497496c28]
Event: 58.666 Thread 0x00000284b28d40d0 2920       3       java.net.URLStreamHandler::parseURL (1201 bytes)
Event: 58.685 Thread 0x00000284b28d40d0 nmethod 2920 0x00000284972b1d10 code [0x00000284972b2e60, 0x00000284972bd568]

GC Heap History (20 events):
Event: 56.121 GC heap before
{Heap before GC invocations=310 (full 0):
 garbage-first heap   total 452608K, used 275003K [0x0000000702000000, 0x0000000800000000)
  region size 2048K, 132 young (270336K), 2 survivors (4096K)
 Metaspace       used 3785K, capacity 5993K, committed 6272K, reserved 1056768K
  class space    used 303K, capacity 565K, committed 640K, reserved 1048576K
}
Event: 56.121 GC heap after
{Heap after GC invocations=311 (full 0):
 garbage-first heap   total 452608K, used 8202K [0x0000000702000000, 0x0000000800000000)
  region size 2048K, 2 young (4096K), 2 survivors (4096K)
 Metaspace       used 3785K, capacity 5993K, committed 6272K, reserved 1056768K
  class space    used 303K, capacity 565K, committed 640K, reserved 1048576K
}
Event: 56.292 GC heap before
{Heap before GC invocations=311 (full 0):
 garbage-first heap   total 452608K, used 274442K [0x0000000702000000, 0x0000000800000000)
  region size 2048K, 132 young (270336K), 2 survivors (4096K)
 Metaspace       used 3785K, capacity 5993K, committed 6272K, reserved 1056768K
  class space    used 303K, capacity 565K, committed 640K, reserved 1048576K
}
Event: 56.293 GC heap after
{Heap after GC invocations=312 (full 0):
 garbage-first heap   total 452608K, used 8513K [0x0000000702000000, 0x0000000800000000)
  region size 2048K, 2 young (4096K), 2 survivors (4096K)
 Metaspace       used 3785K, capacity 5993K, committed 6272K, reserved 1056768K
  class space    used 303K, capacity 565K, committed 640K, reserved 1048576K
}
Event: 56.464 GC heap before
{Heap before GC invocations=312 (full 0):
 garbage-first heap   total 452608K, used 274753K [0x0000000702000000, 0x0000000800000000)
  region size 2048K, 132 young (270336K), 2 survivors (4096K)
 Metaspace       used 3785K, capacity 5993K, committed 6272K, reserved 1056768K
  class space    used 303K, capacity 565K, committed 640K, reserved 1048576K
}
Event: 56.465 GC heap after
{Heap after GC invocations=313 (full 0):
 garbage-first heap   total 452608K, used 8858K [0x0000000702000000, 0x0000000800000000)
  region size 2048K, 2 young (4096K), 2 survivors (4096K)
 Metaspace       used 3785K, capacity 5993K, committed 6272K, reserved 1056768K
  class space    used 303K, capacity 565K, committed 640K, reserved 1048576K
}
Event: 56.638 GC heap before
{Heap before GC invocations=313 (full 0):
 garbage-first heap   total 452608K, used 275098K [0x0000000702000000, 0x0000000800000000)
  region size 2048K, 132 young (270336K), 2 survivors (4096K)
 Metaspace       used 3785K, capacity 5993K, committed 6272K, reserved 1056768K
  class space    used 303K, capacity 565K, committed 640K, reserved 1048576K
}
Event: 56.639 GC heap after
{Heap after GC invocations=314 (full 0):
 garbage-first heap   total 452608K, used 8297K [0x0000000702000000, 0x0000000800000000)
  region size 2048K, 2 young (4096K), 2 survivors (4096K)
 Metaspace       used 3785K, capacity 5993K, committed 6272K, reserved 1056768K
  class space    used 303K, capacity 565K, committed 640K, reserved 1048576K
}
Event: 56.814 GC heap before
{Heap before GC invocations=314 (full 0):
 garbage-first heap   total 452608K, used 274537K [0x0000000702000000, 0x0000000800000000)
  region size 2048K, 132 young (270336K), 2 survivors (4096K)
 Metaspace       used 3785K, capacity 5993K, committed 6272K, reserved 1056768K
  class space    used 303K, capacity 565K, committed 640K, reserved 1048576K
}
Event: 56.815 GC heap after
{Heap after GC invocations=315 (full 0):
 garbage-first heap   total 452608K, used 8592K [0x0000000702000000, 0x0000000800000000)
  region size 2048K, 2 young (4096K), 2 survivors (4096K)
 Metaspace       used 3785K, capacity 5993K, committed 6272K, reserved 1056768K
  class space    used 303K, capacity 565K, committed 640K, reserved 1048576K
}
Event: 56.992 GC heap before
{Heap before GC invocations=315 (full 0):
 garbage-first heap   total 452608K, used 274832K [0x0000000702000000, 0x0000000800000000)
  region size 2048K, 132 young (270336K), 2 survivors (4096K)
 Metaspace       used 3785K, capacity 5993K, committed 6272K, reserved 1056768K
  class space    used 303K, capacity 565K, committed 640K, reserved 1048576K
}
Event: 56.993 GC heap after
{Heap after GC invocations=316 (full 0):
 garbage-first heap   total 452608K, used 8967K [0x0000000702000000, 0x0000000800000000)
  region size 2048K, 2 young (4096K), 2 survivors (4096K)
 Metaspace       used 3785K, capacity 5993K, committed 6272K, reserved 1056768K
  class space    used 303K, capacity 565K, committed 640K, reserved 1048576K
}
Event: 57.171 GC heap before
{Heap before GC invocations=316 (full 0):
 garbage-first heap   total 452608K, used 275207K [0x0000000702000000, 0x0000000800000000)
  region size 2048K, 132 young (270336K), 2 survivors (4096K)
 Metaspace       used 3785K, capacity 5993K, committed 6272K, reserved 1056768K
  class space    used 303K, capacity 565K, committed 640K, reserved 1048576K
}
Event: 57.172 GC heap after
{Heap after GC invocations=317 (full 0):
 garbage-first heap   total 452608K, used 8431K [0x0000000702000000, 0x0000000800000000)
  region size 2048K, 2 young (4096K), 2 survivors (4096K)
 Metaspace       used 3785K, capacity 5993K, committed 6272K, reserved 1056768K
  class space    used 303K, capacity 565K, committed 640K, reserved 1048576K
}
Event: 57.352 GC heap before
{Heap before GC invocations=317 (full 0):
 garbage-first heap   total 452608K, used 274671K [0x0000000702000000, 0x0000000800000000)
  region size 2048K, 132 young (270336K), 2 survivors (4096K)
 Metaspace       used 3785K, capacity 5993K, committed 6272K, reserved 1056768K
  class space    used 303K, capacity 565K, committed 640K, reserved 1048576K
}
Event: 57.354 GC heap after
{Heap after GC invocations=318 (full 0):
 garbage-first heap   total 452608K, used 8702K [0x0000000702000000, 0x0000000800000000)
  region size 2048K, 2 young (4096K), 2 survivors (4096K)
 Metaspace       used 3785K, capacity 5993K, committed 6272K, reserved 1056768K
  class space    used 303K, capacity 565K, committed 640K, reserved 1048576K
}
Event: 57.547 GC heap before
{Heap before GC invocations=318 (full 0):
 garbage-first heap   total 452608K, used 274942K [0x0000000702000000, 0x0000000800000000)
  region size 2048K, 132 young (270336K), 2 survivors (4096K)
 Metaspace       used 3790K, capacity 5993K, committed 6272K, reserved 1056768K
  class space    used 303K, capacity 565K, committed 640K, reserved 1048576K
}
Event: 57.548 GC heap after
{Heap after GC invocations=319 (full 0):
 garbage-first heap   total 452608K, used 9204K [0x0000000702000000, 0x0000000800000000)
  region size 2048K, 2 young (4096K), 2 survivors (4096K)
 Metaspace       used 3790K, capacity 5993K, committed 6272K, reserved 1056768K
  class space    used 303K, capacity 565K, committed 640K, reserved 1048576K
}
Event: 57.744 GC heap before
{Heap before GC invocations=319 (full 0):
 garbage-first heap   total 452608K, used 275444K [0x0000000702000000, 0x0000000800000000)
  region size 2048K, 132 young (270336K), 2 survivors (4096K)
 Metaspace       used 3795K, capacity 5993K, committed 6272K, reserved 1056768K
  class space    used 304K, capacity 565K, committed 640K, reserved 1048576K
}
Event: 57.745 GC heap after
{Heap after GC invocations=320 (full 0):
 garbage-first heap   total 452608K, used 9156K [0x0000000702000000, 0x0000000800000000)
  region size 2048K, 2 young (4096K), 2 survivors (4096K)
 Metaspace       used 3795K, capacity 5993K, committed 6272K, reserved 1056768K
  class space    used 304K, capacity 565K, committed 640K, reserved 1048576K
}

Deoptimization events (20 events):
Event: 58.415 Thread 0x000002848e9f0ce0 DEOPT PACKING pc=0x000002849e830508 sp=0x000000d2695fdaf0
Event: 58.415 Thread 0x000002848e9f0ce0 DEOPT UNPACKING pc=0x0000028496c6e42f sp=0x000000d2695fda00 mode 2
Event: 58.416 Thread 0x000002848e9f0ce0 Uncommon trap: trap_request=0xffffff45 fr.pc=0x000002849e7c079c relative=0x000000000000017c
Event: 58.416 Thread 0x000002848e9f0ce0 Uncommon trap: reason=unstable_if action=reinterpret pc=0x000002849e7c079c method=java.math.BigInteger.<init>([II)V @ 7 c2
Event: 58.416 Thread 0x000002848e9f0ce0 DEOPT PACKING pc=0x000002849e7c079c sp=0x000000d2695fe200
Event: 58.416 Thread 0x000002848e9f0ce0 DEOPT UNPACKING pc=0x0000028496c6e42f sp=0x000000d2695fe1c8 mode 2
Event: 58.489 Thread 0x000002848e9f0ce0 Uncommon trap: trap_request=0xffffff45 fr.pc=0x000002849e994524 relative=0x0000000000000284
Event: 58.489 Thread 0x000002848e9f0ce0 Uncommon trap: reason=unstable_if action=reinterpret pc=0x000002849e994524 method=java.nio.Buffer.<init>(IIIILjdk/internal/access/foreign/MemorySegmentProxy;)V @ 50 c2
Event: 58.489 Thread 0x000002848e9f0ce0 DEOPT PACKING pc=0x000002849e994524 sp=0x000000d2695fe900
Event: 58.489 Thread 0x000002848e9f0ce0 DEOPT UNPACKING pc=0x0000028496c6e42f sp=0x000000d2695fe8b0 mode 2
Event: 58.508 Thread 0x000002848e9f0ce0 Uncommon trap: trap_request=0xffffff45 fr.pc=0x000002849e98952c relative=0x000000000000010c
Event: 58.508 Thread 0x000002848e9f0ce0 Uncommon trap: reason=unstable_if action=reinterpret pc=0x000002849e98952c method=java.math.BigInteger.addOne([IIII)I @ 55 c2
Event: 58.508 Thread 0x000002848e9f0ce0 DEOPT PACKING pc=0x000002849e98952c sp=0x000000d2695fe160
Event: 58.508 Thread 0x000002848e9f0ce0 DEOPT UNPACKING pc=0x0000028496c6e42f sp=0x000000d2695fe100 mode 2
Event: 58.643 Thread 0x000002848e9f0ce0 Uncommon trap: trap_request=0xffffff45 fr.pc=0x000002849e956408 relative=0x00000000000001e8
Event: 58.643 Thread 0x000002848e9f0ce0 Uncommon trap: reason=unstable_if action=reinterpret pc=0x000002849e956408 method=java.nio.charset.Charset.lookup(Ljava/lang/String;)Ljava/nio/charset/Charset; @ 29 c2
Event: 58.643 Thread 0x000002848e9f0ce0 DEOPT PACKING pc=0x000002849e956408 sp=0x000000d2695fe980
Event: 58.643 Thread 0x000002848e9f0ce0 DEOPT UNPACKING pc=0x0000028496c6e42f sp=0x000000d2695fe928 mode 2
Event: 58.644 Thread 0x000002848e9f0ce0 DEOPT PACKING pc=0x00000284975c65cc sp=0x000000d2695fe9e0
Event: 58.644 Thread 0x000002848e9f0ce0 DEOPT UNPACKING pc=0x0000028496c6e23f sp=0x000000d2695fdeb8 mode 0

Classes unloaded (0 events):
No events

Classes redefined (0 events):
No events

Internal exceptions (16 events):
Event: 0.107 Thread 0x00000284b2b06d90 Exception <a 'java/lang/NoSuchMethodError'{0x0000000711a79fc8}: 'java.lang.Object java.lang.invoke.DirectMethodHandle$Holder.invokeStatic(java.lang.Object)'> (0x0000000711a79fc8) 
thrown [./open/src/hotspot/share/interpreter/linkResolver.cpp, line 782]
Event: 0.107 Thread 0x00000284b2b06d90 Exception <a 'java/lang/NoSuchMethodError'{0x0000000711a7d8d8}: 'java.lang.Object java.lang.invoke.DirectMethodHandle$Holder.invokeStaticInit(java.lang.Object)'> (0x0000000711a7d8d8) 
thrown [./open/src/hotspot/share/interpreter/linkResolver.cpp, line 782]
Event: 0.113 Thread 0x00000284b2b06d90 Exception <a 'java/lang/NoSuchMethodError'{0x0000000711a8ad28}: 'void java.lang.invoke.DirectMethodHandle$Holder.invokeStatic(java.lang.Object, java.lang.Object)'> (0x0000000711a8ad28) 
thrown [./open/src/hotspot/share/interpreter/linkResolver.cpp, line 782]
Event: 0.166 Thread 0x000002848e9f0ce0 Exception <a 'java/lang/NoSuchMethodError'{0x0000000711b5dd80}: 'void java.lang.invoke.DirectMethodHandle$Holder.invokeSpecial(java.lang.Object, java.lang.Object, java.lang.Object)'> (0x0000000711b5dd80) 
thrown [./open/src/hotspot/share/interpreter/linkResolver.cpp, line 782]
Event: 0.379 Thread 0x000002848e9f0ce0 Implicit null exception at 0x000002849e727ca2 to 0x000002849e7281a4
Event: 57.375 Thread 0x000002848e9f0ce0 Implicit null exception at 0x000002849e8a62c0 to 0x000002849e8a646b
Event: 57.418 Thread 0x000002848e9f0ce0 Implicit null exception at 0x000002849e92f2e0 to 0x000002849e930004
Event: 57.848 Thread 0x000002848e9f0ce0 Exception <a 'java/lang/NoSuchMethodError'{0x00000007168c6990}: 'void java.lang.invoke.DirectMethodHandle$Holder.invokeStaticInit(java.lang.Object, java.lang.Object)'> (0x00000007168c6990) 
thrown [./open/src/hotspot/share/interpreter/linkResolver.cpp, line 782]
Event: 57.964 Thread 0x000002848e9f0ce0 Exception <a 'java/lang/NoSuchMethodError'{0x000000071650f3d0}: 'java.lang.Object java.lang.invoke.DirectMethodHandle$Holder.invokeInterface(java.lang.Object, java.lang.Object)'> (0x000000071650f3d0) 
thrown [./open/src/hotspot/share/interpreter/linkResolver.cpp, line 782]
Event: 58.124 Thread 0x000002848e9f0ce0 Exception <a 'java/lang/NoSuchMethodError'{0x00000007162f1cd8}: 'java.lang.Object java.lang.invoke.DirectMethodHandle$Holder.invokeStaticInit(java.lang.Object, int, int, int, int)'> (0x00000007162f1cd8) 
thrown [./open/src/hotspot/share/interpreter/linkResolver.cpp, line 782]
Event: 58.156 Thread 0x000002848e9f0ce0 Exception <a 'java/lang/NoSuchMethodError'{0x00000007163ab2f0}: 'java.lang.Object java.lang.invoke.DirectMethodHandle$Holder.invokeStaticInit(java.lang.Object, java.lang.Object, int, int, int, int)'> (0x00000007163ab2f0) 
thrown [./open/src/hotspot/share/interpreter/linkResolver.cpp, line 782]
Event: 58.270 Thread 0x000002848e9f0ce0 Exception <a 'sun/nio/fs/WindowsException'{0x00000007160542b8}> (0x00000007160542b8) 
thrown [./open/src/hotspot/share/prims/jni.cpp, line 578]
Event: 58.295 Thread 0x000002848e9f0ce0 Implicit null exception at 0x000002849e89b02c to 0x000002849e89d4ec
Event: 58.302 Thread 0x000002848e9f0ce0 Exception <a 'java/lang/NoSuchMethodError'{0x000000071607b1a0}: 'int java.lang.invoke.DirectMethodHandle$Holder.invokeStaticInit(java.lang.Object, java.lang.Object, java.lang.Object, java.lang.Object)'> (0x000000071607b1a0) 
thrown [./open/src/hotspot/share/interpreter/linkResolver.cpp, line 782]
Event: 58.303 Thread 0x000002848e9f0ce0 Exception <a 'java/lang/IncompatibleClassChangeError'{0x0000000716084f60}: Found class java.lang.Object, but interface was expected> (0x0000000716084f60) 
thrown [./open/src/hotspot/share/interpreter/linkResolver.cpp, line 848]
Event: 58.303 Thread 0x000002848e9f0ce0 Exception <a 'java/lang/NoSuchMethodError'{0x000000071608a978}: 'int java.lang.invoke.DirectMethodHandle$Holder.invokeStaticInit(java.lang.Object, java.lang.Object)'> (0x000000071608a978) 
thrown [./open/src/hotspot/share/interpreter/linkResolver.cpp, line 782]

Events (20 events):
Event: 58.580 loading class javax/crypto/AEADBadTagException
Event: 58.580 loading class javax/crypto/AEADBadTagException done
Event: 58.580 loading class javax/net/ssl/SSLHandshakeException
Event: 58.580 loading class javax/net/ssl/SSLException
Event: 58.580 loading class javax/net/ssl/SSLException done
Event: 58.580 loading class javax/net/ssl/SSLHandshakeException done
Event: 58.643 loading class sun/nio/cs/UTF_16LE$Decoder
Event: 58.643 loading class sun/nio/cs/UnicodeDecoder
Event: 58.643 loading class sun/nio/cs/UnicodeDecoder done
Event: 58.644 Executing VM operation: HandshakeAllThreads
Event: 58.644 Executing VM operation: HandshakeAllThreads done
Event: 58.644 loading class sun/nio/cs/UTF_16LE$Decoder done
Event: 58.648 loading class java/util/JumboEnumSet
Event: 58.648 loading class java/util/JumboEnumSet done
Event: 58.648 loading class java/util/JumboEnumSet$EnumSetIterator
Event: 58.648 loading class java/util/JumboEnumSet$EnumSetIterator done
Event: 58.660 loading class java/lang/invoke/BoundMethodHandle$Species_LLLLLLLLLL
Event: 58.661 loading class java/lang/invoke/BoundMethodHandle$Species_LLLLLLLLLL done
Event: 58.663 loading class java/lang/invoke/BoundMethodHandle$Species_LLLLLLLLLLL
Event: 58.663 loading class java/lang/invoke/BoundMethodHandle$Species_LLLLLLLLLLL done


Dynamic libraries:
0x00007ff6c0830000 - 0x00007ff6c083d000 	C:\Users\user\.jdks\openjdk-15\bin\java.exe
0x00007ffae8510000 - 0x00007ffae8705000 	C:\Windows\SYSTEM32\ntdll.dll
0x00007ffae6570000 - 0x00007ffae662d000 	C:\Windows\System32\KERNEL32.DLL
0x00007ffae5de0000 - 0x00007ffae60a8000 	C:\Windows\System32\KERNELBASE.dll
0x00007ffae6130000 - 0x00007ffae6230000 	C:\Windows\System32\ucrtbase.dll
0x00007ffabc400000 - 0x00007ffabc419000 	C:\Users\user\.jdks\openjdk-15\bin\VCRUNTIME140.dll
0x00007ffabc420000 - 0x00007ffabc438000 	C:\Users\user\.jdks\openjdk-15\bin\jli.dll
0x00007ffae6d10000 - 0x00007ffae6eb0000 	C:\Windows\System32\USER32.dll
0x00007ffacf3a0000 - 0x00007ffacf63a000 	C:\Windows\WinSxS\amd64_microsoft.windows.common-controls_6595b64144ccf1df_6.0.19041.844_none_ca00b6081b84eb1d\COMCTL32.dll
0x00007ffae6230000 - 0x00007ffae6252000 	C:\Windows\System32\win32u.dll
0x00007ffae6fd0000 - 0x00007ffae706e000 	C:\Windows\System32\msvcrt.dll
0x00007ffae67e0000 - 0x00007ffae680a000 	C:\Windows\System32\GDI32.dll
0x00007ffae6310000 - 0x00007ffae641b000 	C:\Windows\System32\gdi32full.dll
0x00007ffae64d0000 - 0x00007ffae656d000 	C:\Windows\System32\msvcp_win.dll
0x00007ffae6a30000 - 0x00007ffae6a60000 	C:\Windows\System32\IMM32.DLL
0x00007ffac2aa0000 - 0x00007ffac2aac000 	C:\Users\user\.jdks\openjdk-15\bin\vcruntime140_1.dll
0x00007ffa8e530000 - 0x00007ffa8e5c1000 	C:\Users\user\.jdks\openjdk-15\bin\msvcp140.dll
0x00007ffa7bbd0000 - 0x00007ffa7c72c000 	C:\Users\user\.jdks\openjdk-15\bin\server\jvm.dll
0x00007ffae6c60000 - 0x00007ffae6d0c000 	C:\Windows\System32\ADVAPI32.dll
0x00007ffae6f30000 - 0x00007ffae6fcb000 	C:\Windows\System32\sechost.dll
0x00007ffae7a00000 - 0x00007ffae7b2b000 	C:\Windows\System32\RPCRT4.dll
0x00007ffae6870000 - 0x00007ffae6878000 	C:\Windows\System32\PSAPI.DLL
0x00007fface7e0000 - 0x00007fface7e9000 	C:\Windows\SYSTEM32\WSOCK32.dll
0x00007ffadc990000 - 0x00007ffadc9b7000 	C:\Windows\SYSTEM32\WINMM.dll
0x00007ffadfd50000 - 0x00007ffadfd5a000 	C:\Windows\SYSTEM32\VERSION.dll
0x00007ffae7070000 - 0x00007ffae70db000 	C:\Windows\System32\WS2_32.dll
0x00007ffae3bc0000 - 0x00007ffae3bd2000 	C:\Windows\SYSTEM32\kernel.appcore.dll
0x00007ffabcce0000 - 0x00007ffabccea000 	C:\Users\user\.jdks\openjdk-15\bin\jimage.dll
0x00007ffacc460000 - 0x00007ffacc644000 	C:\Windows\SYSTEM32\DBGHELP.DLL
0x00007ffac6030000 - 0x00007ffac605c000 	C:\Windows\SYSTEM32\dbgcore.DLL
0x00007ffae60b0000 - 0x00007ffae6130000 	C:\Windows\System32\bcryptPrimitives.dll
0x00007ffabcb00000 - 0x00007ffabcb0e000 	C:\Users\user\.jdks\openjdk-15\bin\instrument.dll
0x00007ffabc2e0000 - 0x00007ffabc305000 	C:\Users\user\.jdks\openjdk-15\bin\java.dll
0x00007ffae7290000 - 0x00007ffae79d2000 	C:\Windows\System32\SHELL32.dll
0x00007ffae3dc0000 - 0x00007ffae4550000 	C:\Windows\SYSTEM32\windows.storage.dll
0x00007ffae7be0000 - 0x00007ffae7f35000 	C:\Windows\System32\combase.dll
0x00007ffae56c0000 - 0x00007ffae56ec000 	C:\Windows\SYSTEM32\Wldp.dll
0x00007ffae7b30000 - 0x00007ffae7bde000 	C:\Windows\System32\SHCORE.dll
0x00007ffae6ad0000 - 0x00007ffae6b25000 	C:\Windows\System32\shlwapi.dll
0x00007ffae5b90000 - 0x00007ffae5baf000 	C:\Windows\SYSTEM32\profapi.dll
0x00007ffab9b50000 - 0x00007ffab9b68000 	C:\Users\user\.jdks\openjdk-15\bin\zip.dll
0x00007ffabc3e0000 - 0x00007ffabc3f9000 	C:\Users\user\.jdks\openjdk-15\bin\net.dll
0x00007ffad74e0000 - 0x00007ffad75eb000 	C:\Windows\SYSTEM32\WINHTTP.dll
0x00007ffae5430000 - 0x00007ffae549a000 	C:\Windows\system32\mswsock.dll
0x00007ffabc2c0000 - 0x00007ffabc2d2000 	C:\Users\user\.jdks\openjdk-15\bin\nio.dll
0x00007ffab9660000 - 0x00007ffab967a000 	C:\Program Files\JetBrains\IntelliJ IDEA Educational Edition 2020.2.2\bin\breakgen64.dll
0x00007ffaaba30000 - 0x00007ffaaba47000 	C:\Windows\system32\napinsp.dll
0x00007ffaa7d90000 - 0x00007ffaa7dab000 	C:\Windows\system32\pnrpnsp.dll
0x00007ffae0ac0000 - 0x00007ffae0ad5000 	C:\Windows\system32\wshbth.dll
0x00007ffae1720000 - 0x00007ffae173d000 	C:\Windows\system32\NLAapi.dll
0x00007ffae50d0000 - 0x00007ffae510b000 	C:\Windows\SYSTEM32\IPHLPAPI.DLL
0x00007ffae5120000 - 0x00007ffae51ec000 	C:\Windows\SYSTEM32\DNSAPI.dll
0x00007ffae66e0000 - 0x00007ffae66e8000 	C:\Windows\System32\NSI.dll
0x00007ffaa7d20000 - 0x00007ffaa7d32000 	C:\Windows\System32\winrnr.dll
0x00007ffadcc20000 - 0x00007ffadcc2a000 	C:\Windows\System32\rasadhlp.dll
0x00007ffad7830000 - 0x00007ffad78af000 	C:\Windows\System32\fwpuclnt.dll
0x00007ffae5db0000 - 0x00007ffae5dd7000 	C:\Windows\System32\bcrypt.dll
0x00007ffae5610000 - 0x00007ffae5628000 	C:\Windows\SYSTEM32\CRYPTSP.dll
0x00007ffae4d60000 - 0x00007ffae4d94000 	C:\Windows\system32\rsaenh.dll
0x00007ffae5b10000 - 0x00007ffae5b3e000 	C:\Windows\SYSTEM32\USERENV.dll
0x00007ffae5600000 - 0x00007ffae560c000 	C:\Windows\SYSTEM32\CRYPTBASE.dll
0x00007ffadef50000 - 0x00007ffadef67000 	C:\Windows\SYSTEM32\dhcpcsvc6.DLL
0x00007ffadef30000 - 0x00007ffadef4d000 	C:\Windows\SYSTEM32\dhcpcsvc.DLL
0x00007ffab6fe0000 - 0x00007ffab6fed000 	C:\Users\user\.jdks\openjdk-15\bin\sunmscapi.dll
0x00007ffae5c50000 - 0x00007ffae5daf000 	C:\Windows\System32\CRYPT32.dll
0x00007ffae5730000 - 0x00007ffae5757000 	C:\Windows\SYSTEM32\ncrypt.dll
0x00007ffae56f0000 - 0x00007ffae572b000 	C:\Windows\SYSTEM32\NTASN1.dll

dbghelp: loaded successfully - version: 4.0.5 - missing functions: none
symbol engine: initialized successfully - sym options: 0x614 - pdb path: .;C:\Users\user\.jdks\openjdk-15\bin;C:\Windows\SYSTEM32;C:\Windows\WinSxS\amd64_microsoft.windows.common-controls_6595b64144ccf1df_6.0.19041.844_none_ca00b6081b84eb1d;C:\Users\user\.jdks\openjdk-15\bin\server;C:\Program Files\JetBrains\IntelliJ IDEA Educational Edition 2020.2.2\bin

VM Arguments:
jvm_args: -javaagent:C:\Program Files\JetBrains\IntelliJ IDEA Educational Edition 2020.2.2\lib\idea_rt.jar=57428:C:\Program Files\JetBrains\IntelliJ IDEA Educational Edition 2020.2.2\bin -Dfile.encoding=UTF-8 
java_command: JavaConnect2SQL
java_class_path (initial): C:\Users\user\IdeaProjects\DataGenerator\target\classes;D:\MSJDBC\sqljdbc_9.2\enu\mssql-jdbc-9.2.1.jre15.jar;C:\Users\user\.m2\repository\com\github\javafaker\javafaker\1.0.2\javafaker-1.0.2.jar;C:\Users\user\.m2\repository\org\apache\commons\commons-lang3\3.5\commons-lang3-3.5.jar;C:\Users\user\.m2\repository\org\yaml\snakeyaml\1.23\snakeyaml-1.23-android.jar;C:\Users\user\.m2\repository\com\github\mifmif\generex\1.0.2\generex-1.0.2.jar;C:\Users\user\.m2\repository\dk\brics\automaton\automaton\1.11-8\automaton-1.11-8.jar
Launcher Type: SUN_STANDARD

[Global flags]
     intx CICompilerCount                          = 4                                         {product} {ergonomic}
     uint ConcGCThreads                            = 2                                         {product} {ergonomic}
     uint G1ConcRefinementThreads                  = 8                                         {product} {ergonomic}
   size_t G1HeapRegionSize                         = 2097152                                   {product} {ergonomic}
    uintx GCDrainStackTargetSize                   = 64                                        {product} {ergonomic}
   size_t InitialHeapSize                          = 266338304                                 {product} {ergonomic}
   size_t MarkStackSize                            = 4194304                                   {product} {ergonomic}
   size_t MaxHeapSize                              = 4261412864                                {product} {ergonomic}
   size_t MaxNewSize                               = 2556428288                                {product} {ergonomic}
   size_t MinHeapDeltaBytes                        = 2097152                                   {product} {ergonomic}
   size_t MinHeapSize                              = 8388608                                   {product} {ergonomic}
    uintx NonNMethodCodeHeapSize                   = 5839372                                {pd product} {ergonomic}
    uintx NonProfiledCodeHeapSize                  = 122909434                              {pd product} {ergonomic}
    uintx ProfiledCodeHeapSize                     = 122909434                              {pd product} {ergonomic}
    uintx ReservedCodeCacheSize                    = 251658240                              {pd product} {ergonomic}
     bool SegmentedCodeCache                       = true                                      {product} {ergonomic}
   size_t SoftMaxHeapSize                          = 4261412864                             {manageable} {ergonomic}
     bool UseCompressedClassPointers               = true                                 {lp64_product} {ergonomic}
     bool UseCompressedOops                        = true                                 {lp64_product} {ergonomic}
     bool UseG1GC                                  = true                                      {product} {ergonomic}
     bool UseLargePagesIndividualAllocation        = false                                  {pd product} {ergonomic}

Logging:
Log output configuration:
 #0: stdout all=warning uptime,level,tags
 #1: stderr all=off uptime,level,tags

Environment Variables:
JAVA_HOME=C:\Program Files\Java\jdk-16
PATH=C:\Python39\Scripts\;C:\Python39\;C:\Program Files\Common Files\Oracle\Java\javapath;D:\jdk\bin;C:\Windows;C:\Windows\System32\Wbem;C:\Windows\System32\WindowsPowerShell\v1.0\;C:\Windows\System32\OpenSSH\;C:\Program Files\NVIDIA Corporation\NVIDIA NvDLISR;C:\Program Files (x86)\NVIDIA Corporation\PhysX\Common;C:\Program Files\dotnet\;C:\Program Files\PuTTY\;C:\Program Files\Microsoft SQL Server\Client SDK\ODBC\170\Tools\Binn\;C:\Program Files (x86)\Microsoft SQL Server\150\Tools\Binn\;C:\Program Files\Microsoft SQL Server\150\Tools\Binn\;C:\Program Files\Microsoft SQL Server\150\DTS\Binn\;C:\Program Files (x86)\Microsoft SQL Server\150\DTS\Binn\;C:\Program Files\Azure Data Studio\bin;C:\Program Files\Git\cmd;C:\Program Files\nodejs\;C:\ProgramData\chocolatey\bin;C:\Users\user\AppData\Local\Microsoft\WindowsApps;C:\Users\user\.dotnet\tools;C:\Program Files\Azure Data Studio\bin;C:\Users\user\AppData\Roaming\npm
USERNAME=user
OS=Windows_NT
PROCESSOR_IDENTIFIER=Intel64 Family 6 Model 158 Stepping 9, GenuineIntel



---------------  S Y S T E M  ---------------

OS:
 Windows 10 , 64 bit Build 19041 (10.0.19041.928)
OS uptime: 0 days 3:56 hours

CPU: total 8 (initial active 8) (4 cores per cpu, 2 threads per core) family 6 model 158 stepping 9, cmov, cx8, fxsr, mmx, sse, sse2, sse3, ssse3, sse4.1, sse4.2, popcnt, vzeroupper, avx, avx2, aes, clmul, erms, rtm, 3dnowpref, lzcnt, ht, tsc, tscinvbit, bmi1, bmi2, adx, fma, clflush, clflushopt

Memory: 4k page, system-wide physical 16252M (9047M free)
TotalPageFile size 32636M (AvailPageFile size 20994M)
current process WorkingSet (physical memory assigned to process): 442M, peak: 442M
current process commit charge ("private bytes"): 586M, peak: 591M

vm_info: OpenJDK 64-Bit Server VM (15+36-1562) for windows-amd64 JRE (15+36-1562), built on Aug 11 2020 22:33:04 by "mach5one" with unknown MS VC++:1925

END.
